{"code":"C0009","isMoralisError":true,"level":"error","message":"Failed to start the server: [C0009] Modules are started already. This method should be called only one time.","name":"Moralis SDK Error","stack":"Moralis SDK Error: [C0009] Modules are started already. This method should be called only one time.\n    at Core.<anonymous> (/Users/mmg/Documents/yesm/yesm-back/node_modules/@moralisweb3/common-core/lib/cjs/index.cjs:914:35)\n    at step (/Users/mmg/Documents/yesm/yesm-back/node_modules/@moralisweb3/common-core/lib/cjs/index.cjs:83:23)\n    at Object.next (/Users/mmg/Documents/yesm/yesm-back/node_modules/@moralisweb3/common-core/lib/cjs/index.cjs:64:53)\n    at /Users/mmg/Documents/yesm/yesm-back/node_modules/@moralisweb3/common-core/lib/cjs/index.cjs:57:71\n    at new Promise (<anonymous>)\n    at __awaiter (/Users/mmg/Documents/yesm/yesm-back/node_modules/@moralisweb3/common-core/lib/cjs/index.cjs:53:12)\n    at Core.start (/Users/mmg/Documents/yesm/yesm-back/node_modules/@moralisweb3/common-core/lib/cjs/index.cjs:908:57)\n    at Object.start (/Users/mmg/Documents/yesm/yesm-back/node_modules/moralis/lib/cjs/index.cjs:40:21)\n    at startServer (/Users/mmg/Documents/yesm/yesm-back/src/server.js:41:19)\n    at Object.<anonymous> (/Users/mmg/Documents/yesm/yesm-back/src/server.js:53:1)","timestamp":"2024-08-20T16:55:54.631Z"}
{"code":"C0009","isMoralisError":true,"level":"error","message":"Failed to start the server: [C0009] Modules are started already. This method should be called only one time.","name":"Moralis SDK Error","stack":"Moralis SDK Error: [C0009] Modules are started already. This method should be called only one time.\n    at Core.<anonymous> (/Users/mmg/Documents/yesm/yesm-back/node_modules/@moralisweb3/common-core/lib/cjs/index.cjs:914:35)\n    at step (/Users/mmg/Documents/yesm/yesm-back/node_modules/@moralisweb3/common-core/lib/cjs/index.cjs:83:23)\n    at Object.next (/Users/mmg/Documents/yesm/yesm-back/node_modules/@moralisweb3/common-core/lib/cjs/index.cjs:64:53)\n    at /Users/mmg/Documents/yesm/yesm-back/node_modules/@moralisweb3/common-core/lib/cjs/index.cjs:57:71\n    at new Promise (<anonymous>)\n    at __awaiter (/Users/mmg/Documents/yesm/yesm-back/node_modules/@moralisweb3/common-core/lib/cjs/index.cjs:53:12)\n    at Core.start (/Users/mmg/Documents/yesm/yesm-back/node_modules/@moralisweb3/common-core/lib/cjs/index.cjs:908:57)\n    at Object.start (/Users/mmg/Documents/yesm/yesm-back/node_modules/moralis/lib/cjs/index.cjs:40:21)\n    at startServer (/Users/mmg/Documents/yesm/yesm-back/src/server.js:41:19)\n    at Object.<anonymous> (/Users/mmg/Documents/yesm/yesm-back/src/server.js:53:1)","timestamp":"2024-08-20T16:56:11.046Z"}
{"level":"info","message":"Server is running on port 5001","timestamp":"2024-08-20T17:02:43.633Z"}
{"level":"info","message":"Server is running on port 5001","timestamp":"2024-08-20T17:03:44.629Z"}
{"level":"info","message":"Server is running on port 5001","timestamp":"2024-08-20T17:04:26.679Z"}
{"level":"info","message":"Server is running on port 5001","timestamp":"2024-08-20T17:06:05.497Z"}
{"level":"info","message":"Server is running on port 5001","timestamp":"2024-08-20T17:17:38.485Z"}
{"level":"info","message":"Server is running on port 5001","timestamp":"2024-08-20T17:24:25.260Z"}
{"level":"info","message":"Server is running on port 5001","timestamp":"2024-08-21T08:02:56.904Z"}
{"level":"info","message":"Server is running on port 5001","timestamp":"2024-08-21T08:06:33.410Z"}
{"level":"info","message":"Server is running on port 5001","timestamp":"2024-08-21T08:08:22.581Z"}
{"level":"info","message":"Server is running on port 5001","timestamp":"2024-08-21T08:09:55.964Z"}
{"level":"info","message":"Server is running on port 5001","timestamp":"2024-08-21T08:10:49.582Z"}
{"level":"info","message":"Server is running on port 5001","timestamp":"2024-08-21T08:12:12.614Z"}
{"level":"info","message":"Server is running on port 5001","timestamp":"2024-08-21T08:12:20.647Z"}
{"level":"info","message":"Server is running on port 5001","timestamp":"2024-08-21T08:12:22.219Z"}
{"level":"info","message":"Server is running on port 5001","timestamp":"2024-08-21T08:51:49.901Z"}
{"level":"info","message":"Server is running on port 5001","timestamp":"2024-08-21T08:52:21.207Z"}
{"level":"info","message":"Server is running on port 5001","timestamp":"2024-08-21T08:52:32.661Z"}
{"level":"info","message":"Server is running on port 5001","timestamp":"2024-08-21T08:52:34.744Z"}
{"level":"info","message":"Server is running on port 5001","timestamp":"2024-08-21T09:09:47.277Z"}
{"level":"info","message":"Server is running on port 5001","timestamp":"2024-08-21T09:32:15.080Z"}
{"level":"info","message":"Server is running on port 5001","timestamp":"2024-08-21T09:32:38.933Z"}
{"level":"info","message":"Server is running on port 5001","timestamp":"2024-08-21T09:32:48.294Z"}
{"level":"info","message":"Server is running on port 5001","timestamp":"2024-08-21T09:33:19.558Z"}
{"level":"info","message":"Server is running on port 5001","timestamp":"2024-08-21T09:53:11.772Z"}
{"level":"info","message":"Server is running on port 5001","timestamp":"2024-08-21T09:53:51.765Z"}
{"level":"info","message":"Server is running on port 5001","timestamp":"2024-08-21T09:55:10.102Z"}
{"level":"info","message":"Server is running on port 5001","timestamp":"2024-08-21T09:56:29.051Z"}
{"level":"info","message":"Server is running on port 5001","timestamp":"2024-08-21T09:57:27.349Z"}
{"level":"info","message":"Server is running on port 5001","timestamp":"2024-08-21T10:00:47.241Z"}
{"level":"info","message":"Server is running on port 5001","timestamp":"2024-08-21T10:01:08.331Z"}
{"level":"info","message":"Server is running on port 5001","timestamp":"2024-08-21T10:01:37.228Z"}
{"level":"info","message":"Server is running on port 5001","timestamp":"2024-08-21T10:03:00.609Z"}
{"arbitrum":"https://arbitrum-mainnet.infura.io/v3/cbb47c9734fc4146ba90c7c6b1e1fa3d","ethereum":"https://mainnet.infura.io/v3/cbb47c9734fc4146ba90c7c6b1e1fa3d","level":"debug","message":"Infura endpoints initialized","optimism":"https://optimism-mainnet.infura.io/v3/cbb47c9734fc4146ba90c7c6b1e1fa3d","polygon":"https://polygon-mainnet.infura.io/v3/cbb47c9734fc4146ba90c7c6b1e1fa3d","timestamp":"2024-08-21T10:15:07.983Z"}
{"level":"info","message":"Server is running on port 5001","timestamp":"2024-08-21T10:15:07.988Z"}
{"level":"info","message":"Moralis initialized successfully","timestamp":"2024-08-21T10:15:07.989Z"}
{"level":"debug","message":"Fetching transaction details for hash: 0x860b7c88690dc39a56eabeb278ac27325edfba2bbb0840306f83162c974fa10c","timestamp":"2024-08-21T10:15:25.276Z"}
{"level":"debug","message":"Detecting chain for transaction hash: 0x860b7c88690dc39a56eabeb278ac27325edfba2bbb0840306f83162c974fa10c","timestamp":"2024-08-21T10:15:25.278Z"}
{"level":"debug","message":"Transaction found on EVM chain: Ethereum Mainnet","timestamp":"2024-08-21T10:15:26.164Z"}
{"level":"info","message":"Transaction hash 0x860b7c88690dc39a56eabeb278ac27325edfba2bbb0840306f83162c974fa10c detected on EVM chain: Ethereum Mainnet","timestamp":"2024-08-21T10:15:26.164Z"}
{"arbitrum":"https://arbitrum-mainnet.infura.io/v3/cbb47c9734fc4146ba90c7c6b1e1fa3d","ethereum":"https://mainnet.infura.io/v3/cbb47c9734fc4146ba90c7c6b1e1fa3d","level":"debug","message":"Infura endpoints initialized","optimism":"https://optimism-mainnet.infura.io/v3/cbb47c9734fc4146ba90c7c6b1e1fa3d","polygon":"https://polygon-mainnet.infura.io/v3/cbb47c9734fc4146ba90c7c6b1e1fa3d","timestamp":"2024-08-21T10:18:11.886Z"}
{"level":"info","message":"Server is running on port 5001","timestamp":"2024-08-21T10:18:11.892Z"}
{"level":"info","message":"Moralis initialized successfully","timestamp":"2024-08-21T10:18:11.892Z"}
{"arbitrum":"https://arbitrum-mainnet.infura.io/v3/cbb47c9734fc4146ba90c7c6b1e1fa3d","ethereum":"https://mainnet.infura.io/v3/cbb47c9734fc4146ba90c7c6b1e1fa3d","level":"debug","message":"Infura endpoints initialized","optimism":"https://optimism-mainnet.infura.io/v3/cbb47c9734fc4146ba90c7c6b1e1fa3d","polygon":"https://polygon-mainnet.infura.io/v3/cbb47c9734fc4146ba90c7c6b1e1fa3d","timestamp":"2024-08-21T10:18:17.120Z"}
{"level":"info","message":"Server is running on port 5001","timestamp":"2024-08-21T10:18:17.123Z"}
{"level":"info","message":"Moralis initialized successfully","timestamp":"2024-08-21T10:18:17.124Z"}
{"arbitrum":"https://arbitrum-mainnet.infura.io/v3/cbb47c9734fc4146ba90c7c6b1e1fa3d","ethereum":"https://mainnet.infura.io/v3/cbb47c9734fc4146ba90c7c6b1e1fa3d","level":"debug","message":"Infura endpoints initialized","optimism":"https://optimism-mainnet.infura.io/v3/cbb47c9734fc4146ba90c7c6b1e1fa3d","polygon":"https://polygon-mainnet.infura.io/v3/cbb47c9734fc4146ba90c7c6b1e1fa3d","timestamp":"2024-08-21T10:20:50.127Z"}
{"level":"info","message":"Server is running on port 5001","timestamp":"2024-08-21T10:20:50.130Z"}
{"level":"info","message":"Moralis initialized successfully","timestamp":"2024-08-21T10:20:50.130Z"}
{"arbitrum":"https://arbitrum-mainnet.infura.io/v3/cbb47c9734fc4146ba90c7c6b1e1fa3d","ethereum":"https://mainnet.infura.io/v3/cbb47c9734fc4146ba90c7c6b1e1fa3d","level":"debug","message":"Infura endpoints initialized","optimism":"https://optimism-mainnet.infura.io/v3/cbb47c9734fc4146ba90c7c6b1e1fa3d","polygon":"https://polygon-mainnet.infura.io/v3/cbb47c9734fc4146ba90c7c6b1e1fa3d","timestamp":"2024-08-21T10:20:59.865Z"}
{"level":"info","message":"Server is running on port 5001","timestamp":"2024-08-21T10:20:59.869Z"}
{"level":"info","message":"Moralis initialized successfully","timestamp":"2024-08-21T10:20:59.870Z"}
{"level":"debug","message":"Detecting chain for transaction hash: 0x860b7c88690dc39a56eabeb278ac27325edfba2bbb0840306f83162c974fa10c","timestamp":"2024-08-21T10:21:11.570Z"}
{"errorDetails":{},"level":"error","message":"Error detecting chain for transaction hash 0x860b7c88690dc39a56eabeb278ac27325edfba2bbb0840306f83162c974fa10c: this.checkEVMChains is not a function","stack":"TypeError: this.checkEVMChains is not a function\n    at ChainDetectionService.detectChain (/Users/mmg/Documents/yesm/yesm-back/src/services/chainDetectionService.js:41:35)\n    at exports.getTransactionDetails (/Users/mmg/Documents/yesm/yesm-back/src/controllers/transactionController.js:6:47)\n    at Layer.handle [as handle_request] (/Users/mmg/Documents/yesm/yesm-back/node_modules/express/lib/router/layer.js:95:5)\n    at next (/Users/mmg/Documents/yesm/yesm-back/node_modules/express/lib/router/route.js:149:13)\n    at Route.dispatch (/Users/mmg/Documents/yesm/yesm-back/node_modules/express/lib/router/route.js:119:3)\n    at Layer.handle [as handle_request] (/Users/mmg/Documents/yesm/yesm-back/node_modules/express/lib/router/layer.js:95:5)\n    at /Users/mmg/Documents/yesm/yesm-back/node_modules/express/lib/router/index.js:284:15\n    at param (/Users/mmg/Documents/yesm/yesm-back/node_modules/express/lib/router/index.js:365:14)\n    at param (/Users/mmg/Documents/yesm/yesm-back/node_modules/express/lib/router/index.js:376:14)\n    at Function.process_params (/Users/mmg/Documents/yesm/yesm-back/node_modules/express/lib/router/index.js:421:3)","timestamp":"2024-08-21T10:21:11.571Z","txHash":"0x860b7c88690dc39a56eabeb278ac27325edfba2bbb0840306f83162c974fa10c"}
{"arbitrum":"https://arbitrum-mainnet.infura.io/v3/cbb47c9734fc4146ba90c7c6b1e1fa3d","ethereum":"https://mainnet.infura.io/v3/cbb47c9734fc4146ba90c7c6b1e1fa3d","level":"debug","message":"Infura endpoints initialized","optimism":"https://optimism-mainnet.infura.io/v3/cbb47c9734fc4146ba90c7c6b1e1fa3d","polygon":"https://polygon-mainnet.infura.io/v3/cbb47c9734fc4146ba90c7c6b1e1fa3d","timestamp":"2024-08-21T10:24:18.939Z"}
{"level":"info","message":"Server is running on port 5001","timestamp":"2024-08-21T10:24:18.942Z"}
{"level":"info","message":"Moralis initialized successfully","timestamp":"2024-08-21T10:24:18.943Z"}
{"arbitrum":"https://arbitrum-mainnet.infura.io/v3/cbb47c9734fc4146ba90c7c6b1e1fa3d","ethereum":"https://mainnet.infura.io/v3/cbb47c9734fc4146ba90c7c6b1e1fa3d","level":"debug","message":"Infura endpoints initialized","optimism":"https://optimism-mainnet.infura.io/v3/cbb47c9734fc4146ba90c7c6b1e1fa3d","polygon":"https://polygon-mainnet.infura.io/v3/cbb47c9734fc4146ba90c7c6b1e1fa3d","timestamp":"2024-08-21T10:26:01.410Z"}
{"level":"info","message":"Server is running on port 5001","timestamp":"2024-08-21T10:26:01.413Z"}
{"level":"info","message":"Moralis initialized successfully","timestamp":"2024-08-21T10:26:01.414Z"}
{"arbitrum":"https://arbitrum-mainnet.infura.io/v3/cbb47c9734fc4146ba90c7c6b1e1fa3d","ethereum":"https://mainnet.infura.io/v3/cbb47c9734fc4146ba90c7c6b1e1fa3d","level":"debug","message":"Infura endpoints initialized","optimism":"https://optimism-mainnet.infura.io/v3/cbb47c9734fc4146ba90c7c6b1e1fa3d","polygon":"https://polygon-mainnet.infura.io/v3/cbb47c9734fc4146ba90c7c6b1e1fa3d","timestamp":"2024-08-21T10:26:09.141Z"}
{"level":"info","message":"Server is running on port 5001","timestamp":"2024-08-21T10:26:09.145Z"}
{"level":"info","message":"Moralis initialized successfully","timestamp":"2024-08-21T10:26:09.145Z"}
{"arbitrum":"https://arbitrum-mainnet.infura.io/v3/cbb47c9734fc4146ba90c7c6b1e1fa3d","ethereum":"https://mainnet.infura.io/v3/cbb47c9734fc4146ba90c7c6b1e1fa3d","level":"debug","message":"Infura endpoints initialized","optimism":"https://optimism-mainnet.infura.io/v3/cbb47c9734fc4146ba90c7c6b1e1fa3d","polygon":"https://polygon-mainnet.infura.io/v3/cbb47c9734fc4146ba90c7c6b1e1fa3d","timestamp":"2024-08-21T10:26:22.813Z"}
{"level":"info","message":"Server is running on port 5001","timestamp":"2024-08-21T10:26:22.818Z"}
{"level":"info","message":"Moralis initialized successfully","timestamp":"2024-08-21T10:26:22.818Z"}
{"arbitrum":"https://arbitrum-mainnet.infura.io/v3/cbb47c9734fc4146ba90c7c6b1e1fa3d","ethereum":"https://mainnet.infura.io/v3/cbb47c9734fc4146ba90c7c6b1e1fa3d","level":"debug","message":"Infura endpoints initialized","optimism":"https://optimism-mainnet.infura.io/v3/cbb47c9734fc4146ba90c7c6b1e1fa3d","polygon":"https://polygon-mainnet.infura.io/v3/cbb47c9734fc4146ba90c7c6b1e1fa3d","timestamp":"2024-08-21T10:26:45.185Z"}
{"level":"info","message":"Server is running on port 5001","timestamp":"2024-08-21T10:26:45.189Z"}
{"level":"info","message":"Moralis initialized successfully","timestamp":"2024-08-21T10:26:45.189Z"}
{"arbitrum":"https://arbitrum-mainnet.infura.io/v3/cbb47c9734fc4146ba90c7c6b1e1fa3d","ethereum":"https://mainnet.infura.io/v3/cbb47c9734fc4146ba90c7c6b1e1fa3d","level":"debug","message":"Infura endpoints initialized","optimism":"https://optimism-mainnet.infura.io/v3/cbb47c9734fc4146ba90c7c6b1e1fa3d","polygon":"https://polygon-mainnet.infura.io/v3/cbb47c9734fc4146ba90c7c6b1e1fa3d","timestamp":"2024-08-21T10:26:48.422Z"}
{"level":"info","message":"Server is running on port 5001","timestamp":"2024-08-21T10:26:48.425Z"}
{"level":"info","message":"Moralis initialized successfully","timestamp":"2024-08-21T10:26:48.426Z"}
{"arbitrum":"https://arbitrum-mainnet.infura.io/v3/cbb47c9734fc4146ba90c7c6b1e1fa3d","ethereum":"https://mainnet.infura.io/v3/cbb47c9734fc4146ba90c7c6b1e1fa3d","level":"debug","message":"Infura endpoints initialized","optimism":"https://optimism-mainnet.infura.io/v3/cbb47c9734fc4146ba90c7c6b1e1fa3d","polygon":"https://polygon-mainnet.infura.io/v3/cbb47c9734fc4146ba90c7c6b1e1fa3d","timestamp":"2024-08-21T10:26:53.041Z"}
{"level":"info","message":"Server is running on port 5001","timestamp":"2024-08-21T10:26:53.044Z"}
{"level":"info","message":"Moralis initialized successfully","timestamp":"2024-08-21T10:26:53.044Z"}
{"arbitrum":"https://arbitrum-mainnet.infura.io/v3/cbb47c9734fc4146ba90c7c6b1e1fa3d","ethereum":"https://mainnet.infura.io/v3/cbb47c9734fc4146ba90c7c6b1e1fa3d","level":"debug","message":"Infura endpoints initialized","optimism":"https://optimism-mainnet.infura.io/v3/cbb47c9734fc4146ba90c7c6b1e1fa3d","polygon":"https://polygon-mainnet.infura.io/v3/cbb47c9734fc4146ba90c7c6b1e1fa3d","timestamp":"2024-08-21T10:26:59.094Z"}
{"level":"info","message":"Server is running on port 5001","timestamp":"2024-08-21T10:26:59.097Z"}
{"level":"info","message":"Moralis initialized successfully","timestamp":"2024-08-21T10:26:59.097Z"}
{"level":"info","message":"Server is running on port 5001","timestamp":"2024-08-21T10:27:06.719Z"}
{"level":"debug","message":"Detecting chain for transaction hash: 0x860b7c88690dc39a56eabeb278ac27325edfba2bbb0840306f83162c974fa10c","timestamp":"2024-08-21T10:27:22.062Z"}
{"errorDetails":{"code":"A0003","isMoralisError":true,"name":"Moralis SDK API Error"},"level":"error","message":"Error checking EVM chains with Moralis: [A0003] apiKey is not set","stack":"Moralis SDK API Error: [A0003] apiKey is not set\n    at OperationRequestBuilder.prepareHeaders (/Users/mmg/Documents/yesm/yesm-back/node_modules/@moralisweb3/api-utils/lib/cjs/index.cjs:210:19)\n    at NullableOperationResolver.<anonymous> (/Users/mmg/Documents/yesm/yesm-back/node_modules/@moralisweb3/api-utils/lib/cjs/index.cjs:331:62)\n    at step (/Users/mmg/Documents/yesm/yesm-back/node_modules/@moralisweb3/api-utils/lib/cjs/index.cjs:151:23)\n    at Object.next (/Users/mmg/Documents/yesm/yesm-back/node_modules/@moralisweb3/api-utils/lib/cjs/index.cjs:132:53)\n    at /Users/mmg/Documents/yesm/yesm-back/node_modules/@moralisweb3/api-utils/lib/cjs/index.cjs:125:71\n    at new Promise (<anonymous>)\n    at __awaiter (/Users/mmg/Documents/yesm/yesm-back/node_modules/@moralisweb3/api-utils/lib/cjs/index.cjs:121:12)\n    at NullableOperationResolver._fetch (/Users/mmg/Documents/yesm/yesm-back/node_modules/@moralisweb3/api-utils/lib/cjs/index.cjs:319:16)\n    at NullableOperationResolver.<anonymous> (/Users/mmg/Documents/yesm/yesm-back/node_modules/@moralisweb3/api-utils/lib/cjs/index.cjs:293:51)\n    at step (/Users/mmg/Documents/yesm/yesm-back/node_modules/@moralisweb3/api-utils/lib/cjs/index.cjs:151:23)","timestamp":"2024-08-21T10:27:22.066Z","txHash":"0x860b7c88690dc39a56eabeb278ac27325edfba2bbb0840306f83162c974fa10c"}
{"errorDetails":{},"level":"error","message":"Error checking Bitcoin: Cannot read properties of undefined (reading 'bitcoin')","stack":"TypeError: Cannot read properties of undefined (reading 'bitcoin')\n    at BitcoinService.checkBitcoin (/Users/mmg/Documents/yesm/yesm-back/src/services/bitcoinService.js:24:30)\n    at process.processTicksAndRejections (node:internal/process/task_queues:95:5)\n    at async ChainDetectionService.detectChain (/Users/mmg/Documents/yesm/yesm-back/src/services/chainDetectionService.js:19:11)\n    at async exports.getTransactionDetails (/Users/mmg/Documents/yesm/yesm-back/src/controllers/transactionController.js:6:19)","timestamp":"2024-08-21T10:27:22.430Z","txHash":"0x860b7c88690dc39a56eabeb278ac27325edfba2bbb0840306f83162c974fa10c"}
{"level":"debug","message":"Transaction found on Solana","timestamp":"2024-08-21T10:27:22.591Z"}
{"level":"info","message":"Transaction hash 0x860b7c88690dc39a56eabeb278ac27325edfba2bbb0840306f83162c974fa10c detected on Solana","timestamp":"2024-08-21T10:27:22.591Z"}
{"level":"info","message":"Server is running on port 5001","timestamp":"2024-08-21T10:28:41.240Z"}
{"level":"info","message":"Server is running on port 5001","timestamp":"2024-08-21T10:30:13.879Z"}
{"level":"info","message":"Moralis initialized successfully","timestamp":"2024-08-21T10:30:13.881Z"}
{"level":"info","message":"Server is running on port 5001","timestamp":"2024-08-21T10:30:27.974Z"}
{"level":"info","message":"Moralis initialized successfully","timestamp":"2024-08-21T10:30:27.977Z"}
{"level":"info","message":"Server is running on port 5001","timestamp":"2024-08-21T10:30:37.204Z"}
{"level":"info","message":"Moralis initialized successfully","timestamp":"2024-08-21T10:30:37.206Z"}
{"level":"info","message":"Server is running on port 5001","timestamp":"2024-08-21T10:30:45.200Z"}
{"level":"info","message":"Moralis initialized successfully","timestamp":"2024-08-21T10:30:45.205Z"}
{"level":"info","message":"Server is running on port 5001","timestamp":"2024-08-21T10:30:48.444Z"}
{"level":"info","message":"Moralis initialized successfully","timestamp":"2024-08-21T10:30:48.446Z"}
{"level":"info","message":"Server is running on port 5001","timestamp":"2024-08-21T10:31:14.253Z"}
{"level":"info","message":"Moralis initialized successfully","timestamp":"2024-08-21T10:31:14.255Z"}
{"level":"info","message":"Server is running on port 5001","timestamp":"2024-08-21T10:31:17.676Z"}
{"level":"info","message":"Moralis initialized successfully","timestamp":"2024-08-21T10:31:17.679Z"}
{"level":"debug","message":"Detecting chain for transaction hash: 0x860b7c88690dc39a56eabeb278ac27325edfba2bbb0840306f83162c974fa10c","timestamp":"2024-08-21T10:31:22.844Z"}
{"level":"debug","message":"Transaction found on EVM chain: Ethereum Mainnet","timestamp":"2024-08-21T10:31:23.781Z"}
{"level":"info","message":"Transaction hash 0x860b7c88690dc39a56eabeb278ac27325edfba2bbb0840306f83162c974fa10c detected on EVM chain: Ethereum Mainnet","timestamp":"2024-08-21T10:31:23.782Z"}
