{"code":"C0009","isMoralisError":true,"level":"error","message":"Failed to start the server: [C0009] Modules are started already. This method should be called only one time.","name":"Moralis SDK Error","stack":"Moralis SDK Error: [C0009] Modules are started already. This method should be called only one time.\n    at Core.<anonymous> (/Users/mmg/Documents/yesm/yesm-back/node_modules/@moralisweb3/common-core/lib/cjs/index.cjs:914:35)\n    at step (/Users/mmg/Documents/yesm/yesm-back/node_modules/@moralisweb3/common-core/lib/cjs/index.cjs:83:23)\n    at Object.next (/Users/mmg/Documents/yesm/yesm-back/node_modules/@moralisweb3/common-core/lib/cjs/index.cjs:64:53)\n    at /Users/mmg/Documents/yesm/yesm-back/node_modules/@moralisweb3/common-core/lib/cjs/index.cjs:57:71\n    at new Promise (<anonymous>)\n    at __awaiter (/Users/mmg/Documents/yesm/yesm-back/node_modules/@moralisweb3/common-core/lib/cjs/index.cjs:53:12)\n    at Core.start (/Users/mmg/Documents/yesm/yesm-back/node_modules/@moralisweb3/common-core/lib/cjs/index.cjs:908:57)\n    at Object.start (/Users/mmg/Documents/yesm/yesm-back/node_modules/moralis/lib/cjs/index.cjs:40:21)\n    at startServer (/Users/mmg/Documents/yesm/yesm-back/src/server.js:41:19)\n    at Object.<anonymous> (/Users/mmg/Documents/yesm/yesm-back/src/server.js:53:1)","timestamp":"2024-08-20T16:55:54.631Z"}
{"code":"C0009","isMoralisError":true,"level":"error","message":"Failed to start the server: [C0009] Modules are started already. This method should be called only one time.","name":"Moralis SDK Error","stack":"Moralis SDK Error: [C0009] Modules are started already. This method should be called only one time.\n    at Core.<anonymous> (/Users/mmg/Documents/yesm/yesm-back/node_modules/@moralisweb3/common-core/lib/cjs/index.cjs:914:35)\n    at step (/Users/mmg/Documents/yesm/yesm-back/node_modules/@moralisweb3/common-core/lib/cjs/index.cjs:83:23)\n    at Object.next (/Users/mmg/Documents/yesm/yesm-back/node_modules/@moralisweb3/common-core/lib/cjs/index.cjs:64:53)\n    at /Users/mmg/Documents/yesm/yesm-back/node_modules/@moralisweb3/common-core/lib/cjs/index.cjs:57:71\n    at new Promise (<anonymous>)\n    at __awaiter (/Users/mmg/Documents/yesm/yesm-back/node_modules/@moralisweb3/common-core/lib/cjs/index.cjs:53:12)\n    at Core.start (/Users/mmg/Documents/yesm/yesm-back/node_modules/@moralisweb3/common-core/lib/cjs/index.cjs:908:57)\n    at Object.start (/Users/mmg/Documents/yesm/yesm-back/node_modules/moralis/lib/cjs/index.cjs:40:21)\n    at startServer (/Users/mmg/Documents/yesm/yesm-back/src/server.js:41:19)\n    at Object.<anonymous> (/Users/mmg/Documents/yesm/yesm-back/src/server.js:53:1)","timestamp":"2024-08-20T16:56:11.046Z"}
{"level":"info","message":"Server is running on port 5001","timestamp":"2024-08-20T17:02:43.633Z"}
{"level":"info","message":"Server is running on port 5001","timestamp":"2024-08-20T17:03:44.629Z"}
{"level":"info","message":"Server is running on port 5001","timestamp":"2024-08-20T17:04:26.679Z"}
{"level":"info","message":"Server is running on port 5001","timestamp":"2024-08-20T17:06:05.497Z"}
{"level":"info","message":"Server is running on port 5001","timestamp":"2024-08-20T17:17:38.485Z"}
{"level":"info","message":"Server is running on port 5001","timestamp":"2024-08-20T17:24:25.260Z"}
{"level":"info","message":"Server is running on port 5001","timestamp":"2024-08-21T08:02:56.904Z"}
{"level":"info","message":"Server is running on port 5001","timestamp":"2024-08-21T08:06:33.410Z"}
{"level":"info","message":"Server is running on port 5001","timestamp":"2024-08-21T08:08:22.581Z"}
{"level":"info","message":"Server is running on port 5001","timestamp":"2024-08-21T08:09:55.964Z"}
{"level":"info","message":"Server is running on port 5001","timestamp":"2024-08-21T08:10:49.582Z"}
{"level":"info","message":"Server is running on port 5001","timestamp":"2024-08-21T08:12:12.614Z"}
{"level":"info","message":"Server is running on port 5001","timestamp":"2024-08-21T08:12:20.647Z"}
{"level":"info","message":"Server is running on port 5001","timestamp":"2024-08-21T08:12:22.219Z"}
{"level":"info","message":"Server is running on port 5001","timestamp":"2024-08-21T08:51:49.901Z"}
{"level":"info","message":"Server is running on port 5001","timestamp":"2024-08-21T08:52:21.207Z"}
{"level":"info","message":"Server is running on port 5001","timestamp":"2024-08-21T08:52:32.661Z"}
{"level":"info","message":"Server is running on port 5001","timestamp":"2024-08-21T08:52:34.744Z"}
{"level":"info","message":"Server is running on port 5001","timestamp":"2024-08-21T09:09:47.277Z"}
{"level":"info","message":"Server is running on port 5001","timestamp":"2024-08-21T09:32:15.080Z"}
{"level":"info","message":"Server is running on port 5001","timestamp":"2024-08-21T09:32:38.933Z"}
{"level":"info","message":"Server is running on port 5001","timestamp":"2024-08-21T09:32:48.294Z"}
{"level":"info","message":"Server is running on port 5001","timestamp":"2024-08-21T09:33:19.558Z"}
{"level":"info","message":"Server is running on port 5001","timestamp":"2024-08-21T09:53:11.772Z"}
{"level":"info","message":"Server is running on port 5001","timestamp":"2024-08-21T09:53:51.765Z"}
{"level":"info","message":"Server is running on port 5001","timestamp":"2024-08-21T09:55:10.102Z"}
{"level":"info","message":"Server is running on port 5001","timestamp":"2024-08-21T09:56:29.051Z"}
{"level":"info","message":"Server is running on port 5001","timestamp":"2024-08-21T09:57:27.349Z"}
{"level":"info","message":"Server is running on port 5001","timestamp":"2024-08-21T10:00:47.241Z"}
{"level":"info","message":"Server is running on port 5001","timestamp":"2024-08-21T10:01:08.331Z"}
{"level":"info","message":"Server is running on port 5001","timestamp":"2024-08-21T10:01:37.228Z"}
{"level":"info","message":"Server is running on port 5001","timestamp":"2024-08-21T10:03:00.609Z"}
{"arbitrum":"https://arbitrum-mainnet.infura.io/v3/cbb47c9734fc4146ba90c7c6b1e1fa3d","ethereum":"https://mainnet.infura.io/v3/cbb47c9734fc4146ba90c7c6b1e1fa3d","level":"debug","message":"Infura endpoints initialized","optimism":"https://optimism-mainnet.infura.io/v3/cbb47c9734fc4146ba90c7c6b1e1fa3d","polygon":"https://polygon-mainnet.infura.io/v3/cbb47c9734fc4146ba90c7c6b1e1fa3d","timestamp":"2024-08-21T10:15:07.983Z"}
{"level":"info","message":"Server is running on port 5001","timestamp":"2024-08-21T10:15:07.988Z"}
{"level":"info","message":"Moralis initialized successfully","timestamp":"2024-08-21T10:15:07.989Z"}
{"level":"debug","message":"Fetching transaction details for hash: 0x860b7c88690dc39a56eabeb278ac27325edfba2bbb0840306f83162c974fa10c","timestamp":"2024-08-21T10:15:25.276Z"}
{"level":"debug","message":"Detecting chain for transaction hash: 0x860b7c88690dc39a56eabeb278ac27325edfba2bbb0840306f83162c974fa10c","timestamp":"2024-08-21T10:15:25.278Z"}
{"level":"debug","message":"Transaction found on EVM chain: Ethereum Mainnet","timestamp":"2024-08-21T10:15:26.164Z"}
{"level":"info","message":"Transaction hash 0x860b7c88690dc39a56eabeb278ac27325edfba2bbb0840306f83162c974fa10c detected on EVM chain: Ethereum Mainnet","timestamp":"2024-08-21T10:15:26.164Z"}
{"arbitrum":"https://arbitrum-mainnet.infura.io/v3/cbb47c9734fc4146ba90c7c6b1e1fa3d","ethereum":"https://mainnet.infura.io/v3/cbb47c9734fc4146ba90c7c6b1e1fa3d","level":"debug","message":"Infura endpoints initialized","optimism":"https://optimism-mainnet.infura.io/v3/cbb47c9734fc4146ba90c7c6b1e1fa3d","polygon":"https://polygon-mainnet.infura.io/v3/cbb47c9734fc4146ba90c7c6b1e1fa3d","timestamp":"2024-08-21T10:18:11.886Z"}
{"level":"info","message":"Server is running on port 5001","timestamp":"2024-08-21T10:18:11.892Z"}
{"level":"info","message":"Moralis initialized successfully","timestamp":"2024-08-21T10:18:11.892Z"}
{"arbitrum":"https://arbitrum-mainnet.infura.io/v3/cbb47c9734fc4146ba90c7c6b1e1fa3d","ethereum":"https://mainnet.infura.io/v3/cbb47c9734fc4146ba90c7c6b1e1fa3d","level":"debug","message":"Infura endpoints initialized","optimism":"https://optimism-mainnet.infura.io/v3/cbb47c9734fc4146ba90c7c6b1e1fa3d","polygon":"https://polygon-mainnet.infura.io/v3/cbb47c9734fc4146ba90c7c6b1e1fa3d","timestamp":"2024-08-21T10:18:17.120Z"}
{"level":"info","message":"Server is running on port 5001","timestamp":"2024-08-21T10:18:17.123Z"}
{"level":"info","message":"Moralis initialized successfully","timestamp":"2024-08-21T10:18:17.124Z"}
{"arbitrum":"https://arbitrum-mainnet.infura.io/v3/cbb47c9734fc4146ba90c7c6b1e1fa3d","ethereum":"https://mainnet.infura.io/v3/cbb47c9734fc4146ba90c7c6b1e1fa3d","level":"debug","message":"Infura endpoints initialized","optimism":"https://optimism-mainnet.infura.io/v3/cbb47c9734fc4146ba90c7c6b1e1fa3d","polygon":"https://polygon-mainnet.infura.io/v3/cbb47c9734fc4146ba90c7c6b1e1fa3d","timestamp":"2024-08-21T10:20:50.127Z"}
{"level":"info","message":"Server is running on port 5001","timestamp":"2024-08-21T10:20:50.130Z"}
{"level":"info","message":"Moralis initialized successfully","timestamp":"2024-08-21T10:20:50.130Z"}
{"arbitrum":"https://arbitrum-mainnet.infura.io/v3/cbb47c9734fc4146ba90c7c6b1e1fa3d","ethereum":"https://mainnet.infura.io/v3/cbb47c9734fc4146ba90c7c6b1e1fa3d","level":"debug","message":"Infura endpoints initialized","optimism":"https://optimism-mainnet.infura.io/v3/cbb47c9734fc4146ba90c7c6b1e1fa3d","polygon":"https://polygon-mainnet.infura.io/v3/cbb47c9734fc4146ba90c7c6b1e1fa3d","timestamp":"2024-08-21T10:20:59.865Z"}
{"level":"info","message":"Server is running on port 5001","timestamp":"2024-08-21T10:20:59.869Z"}
{"level":"info","message":"Moralis initialized successfully","timestamp":"2024-08-21T10:20:59.870Z"}
{"level":"debug","message":"Detecting chain for transaction hash: 0x860b7c88690dc39a56eabeb278ac27325edfba2bbb0840306f83162c974fa10c","timestamp":"2024-08-21T10:21:11.570Z"}
{"errorDetails":{},"level":"error","message":"Error detecting chain for transaction hash 0x860b7c88690dc39a56eabeb278ac27325edfba2bbb0840306f83162c974fa10c: this.checkEVMChains is not a function","stack":"TypeError: this.checkEVMChains is not a function\n    at ChainDetectionService.detectChain (/Users/mmg/Documents/yesm/yesm-back/src/services/chainDetectionService.js:41:35)\n    at exports.getTransactionDetails (/Users/mmg/Documents/yesm/yesm-back/src/controllers/transactionController.js:6:47)\n    at Layer.handle [as handle_request] (/Users/mmg/Documents/yesm/yesm-back/node_modules/express/lib/router/layer.js:95:5)\n    at next (/Users/mmg/Documents/yesm/yesm-back/node_modules/express/lib/router/route.js:149:13)\n    at Route.dispatch (/Users/mmg/Documents/yesm/yesm-back/node_modules/express/lib/router/route.js:119:3)\n    at Layer.handle [as handle_request] (/Users/mmg/Documents/yesm/yesm-back/node_modules/express/lib/router/layer.js:95:5)\n    at /Users/mmg/Documents/yesm/yesm-back/node_modules/express/lib/router/index.js:284:15\n    at param (/Users/mmg/Documents/yesm/yesm-back/node_modules/express/lib/router/index.js:365:14)\n    at param (/Users/mmg/Documents/yesm/yesm-back/node_modules/express/lib/router/index.js:376:14)\n    at Function.process_params (/Users/mmg/Documents/yesm/yesm-back/node_modules/express/lib/router/index.js:421:3)","timestamp":"2024-08-21T10:21:11.571Z","txHash":"0x860b7c88690dc39a56eabeb278ac27325edfba2bbb0840306f83162c974fa10c"}
{"arbitrum":"https://arbitrum-mainnet.infura.io/v3/cbb47c9734fc4146ba90c7c6b1e1fa3d","ethereum":"https://mainnet.infura.io/v3/cbb47c9734fc4146ba90c7c6b1e1fa3d","level":"debug","message":"Infura endpoints initialized","optimism":"https://optimism-mainnet.infura.io/v3/cbb47c9734fc4146ba90c7c6b1e1fa3d","polygon":"https://polygon-mainnet.infura.io/v3/cbb47c9734fc4146ba90c7c6b1e1fa3d","timestamp":"2024-08-21T10:24:18.939Z"}
{"level":"info","message":"Server is running on port 5001","timestamp":"2024-08-21T10:24:18.942Z"}
{"level":"info","message":"Moralis initialized successfully","timestamp":"2024-08-21T10:24:18.943Z"}
{"arbitrum":"https://arbitrum-mainnet.infura.io/v3/cbb47c9734fc4146ba90c7c6b1e1fa3d","ethereum":"https://mainnet.infura.io/v3/cbb47c9734fc4146ba90c7c6b1e1fa3d","level":"debug","message":"Infura endpoints initialized","optimism":"https://optimism-mainnet.infura.io/v3/cbb47c9734fc4146ba90c7c6b1e1fa3d","polygon":"https://polygon-mainnet.infura.io/v3/cbb47c9734fc4146ba90c7c6b1e1fa3d","timestamp":"2024-08-21T10:26:01.410Z"}
{"level":"info","message":"Server is running on port 5001","timestamp":"2024-08-21T10:26:01.413Z"}
{"level":"info","message":"Moralis initialized successfully","timestamp":"2024-08-21T10:26:01.414Z"}
{"arbitrum":"https://arbitrum-mainnet.infura.io/v3/cbb47c9734fc4146ba90c7c6b1e1fa3d","ethereum":"https://mainnet.infura.io/v3/cbb47c9734fc4146ba90c7c6b1e1fa3d","level":"debug","message":"Infura endpoints initialized","optimism":"https://optimism-mainnet.infura.io/v3/cbb47c9734fc4146ba90c7c6b1e1fa3d","polygon":"https://polygon-mainnet.infura.io/v3/cbb47c9734fc4146ba90c7c6b1e1fa3d","timestamp":"2024-08-21T10:26:09.141Z"}
{"level":"info","message":"Server is running on port 5001","timestamp":"2024-08-21T10:26:09.145Z"}
{"level":"info","message":"Moralis initialized successfully","timestamp":"2024-08-21T10:26:09.145Z"}
{"arbitrum":"https://arbitrum-mainnet.infura.io/v3/cbb47c9734fc4146ba90c7c6b1e1fa3d","ethereum":"https://mainnet.infura.io/v3/cbb47c9734fc4146ba90c7c6b1e1fa3d","level":"debug","message":"Infura endpoints initialized","optimism":"https://optimism-mainnet.infura.io/v3/cbb47c9734fc4146ba90c7c6b1e1fa3d","polygon":"https://polygon-mainnet.infura.io/v3/cbb47c9734fc4146ba90c7c6b1e1fa3d","timestamp":"2024-08-21T10:26:22.813Z"}
{"level":"info","message":"Server is running on port 5001","timestamp":"2024-08-21T10:26:22.818Z"}
{"level":"info","message":"Moralis initialized successfully","timestamp":"2024-08-21T10:26:22.818Z"}
{"arbitrum":"https://arbitrum-mainnet.infura.io/v3/cbb47c9734fc4146ba90c7c6b1e1fa3d","ethereum":"https://mainnet.infura.io/v3/cbb47c9734fc4146ba90c7c6b1e1fa3d","level":"debug","message":"Infura endpoints initialized","optimism":"https://optimism-mainnet.infura.io/v3/cbb47c9734fc4146ba90c7c6b1e1fa3d","polygon":"https://polygon-mainnet.infura.io/v3/cbb47c9734fc4146ba90c7c6b1e1fa3d","timestamp":"2024-08-21T10:26:45.185Z"}
{"level":"info","message":"Server is running on port 5001","timestamp":"2024-08-21T10:26:45.189Z"}
{"level":"info","message":"Moralis initialized successfully","timestamp":"2024-08-21T10:26:45.189Z"}
{"arbitrum":"https://arbitrum-mainnet.infura.io/v3/cbb47c9734fc4146ba90c7c6b1e1fa3d","ethereum":"https://mainnet.infura.io/v3/cbb47c9734fc4146ba90c7c6b1e1fa3d","level":"debug","message":"Infura endpoints initialized","optimism":"https://optimism-mainnet.infura.io/v3/cbb47c9734fc4146ba90c7c6b1e1fa3d","polygon":"https://polygon-mainnet.infura.io/v3/cbb47c9734fc4146ba90c7c6b1e1fa3d","timestamp":"2024-08-21T10:26:48.422Z"}
{"level":"info","message":"Server is running on port 5001","timestamp":"2024-08-21T10:26:48.425Z"}
{"level":"info","message":"Moralis initialized successfully","timestamp":"2024-08-21T10:26:48.426Z"}
{"arbitrum":"https://arbitrum-mainnet.infura.io/v3/cbb47c9734fc4146ba90c7c6b1e1fa3d","ethereum":"https://mainnet.infura.io/v3/cbb47c9734fc4146ba90c7c6b1e1fa3d","level":"debug","message":"Infura endpoints initialized","optimism":"https://optimism-mainnet.infura.io/v3/cbb47c9734fc4146ba90c7c6b1e1fa3d","polygon":"https://polygon-mainnet.infura.io/v3/cbb47c9734fc4146ba90c7c6b1e1fa3d","timestamp":"2024-08-21T10:26:53.041Z"}
{"level":"info","message":"Server is running on port 5001","timestamp":"2024-08-21T10:26:53.044Z"}
{"level":"info","message":"Moralis initialized successfully","timestamp":"2024-08-21T10:26:53.044Z"}
{"arbitrum":"https://arbitrum-mainnet.infura.io/v3/cbb47c9734fc4146ba90c7c6b1e1fa3d","ethereum":"https://mainnet.infura.io/v3/cbb47c9734fc4146ba90c7c6b1e1fa3d","level":"debug","message":"Infura endpoints initialized","optimism":"https://optimism-mainnet.infura.io/v3/cbb47c9734fc4146ba90c7c6b1e1fa3d","polygon":"https://polygon-mainnet.infura.io/v3/cbb47c9734fc4146ba90c7c6b1e1fa3d","timestamp":"2024-08-21T10:26:59.094Z"}
{"level":"info","message":"Server is running on port 5001","timestamp":"2024-08-21T10:26:59.097Z"}
{"level":"info","message":"Moralis initialized successfully","timestamp":"2024-08-21T10:26:59.097Z"}
{"level":"info","message":"Server is running on port 5001","timestamp":"2024-08-21T10:27:06.719Z"}
{"level":"debug","message":"Detecting chain for transaction hash: 0x860b7c88690dc39a56eabeb278ac27325edfba2bbb0840306f83162c974fa10c","timestamp":"2024-08-21T10:27:22.062Z"}
{"errorDetails":{"code":"A0003","isMoralisError":true,"name":"Moralis SDK API Error"},"level":"error","message":"Error checking EVM chains with Moralis: [A0003] apiKey is not set","stack":"Moralis SDK API Error: [A0003] apiKey is not set\n    at OperationRequestBuilder.prepareHeaders (/Users/mmg/Documents/yesm/yesm-back/node_modules/@moralisweb3/api-utils/lib/cjs/index.cjs:210:19)\n    at NullableOperationResolver.<anonymous> (/Users/mmg/Documents/yesm/yesm-back/node_modules/@moralisweb3/api-utils/lib/cjs/index.cjs:331:62)\n    at step (/Users/mmg/Documents/yesm/yesm-back/node_modules/@moralisweb3/api-utils/lib/cjs/index.cjs:151:23)\n    at Object.next (/Users/mmg/Documents/yesm/yesm-back/node_modules/@moralisweb3/api-utils/lib/cjs/index.cjs:132:53)\n    at /Users/mmg/Documents/yesm/yesm-back/node_modules/@moralisweb3/api-utils/lib/cjs/index.cjs:125:71\n    at new Promise (<anonymous>)\n    at __awaiter (/Users/mmg/Documents/yesm/yesm-back/node_modules/@moralisweb3/api-utils/lib/cjs/index.cjs:121:12)\n    at NullableOperationResolver._fetch (/Users/mmg/Documents/yesm/yesm-back/node_modules/@moralisweb3/api-utils/lib/cjs/index.cjs:319:16)\n    at NullableOperationResolver.<anonymous> (/Users/mmg/Documents/yesm/yesm-back/node_modules/@moralisweb3/api-utils/lib/cjs/index.cjs:293:51)\n    at step (/Users/mmg/Documents/yesm/yesm-back/node_modules/@moralisweb3/api-utils/lib/cjs/index.cjs:151:23)","timestamp":"2024-08-21T10:27:22.066Z","txHash":"0x860b7c88690dc39a56eabeb278ac27325edfba2bbb0840306f83162c974fa10c"}
{"errorDetails":{},"level":"error","message":"Error checking Bitcoin: Cannot read properties of undefined (reading 'bitcoin')","stack":"TypeError: Cannot read properties of undefined (reading 'bitcoin')\n    at BitcoinService.checkBitcoin (/Users/mmg/Documents/yesm/yesm-back/src/services/bitcoinService.js:24:30)\n    at process.processTicksAndRejections (node:internal/process/task_queues:95:5)\n    at async ChainDetectionService.detectChain (/Users/mmg/Documents/yesm/yesm-back/src/services/chainDetectionService.js:19:11)\n    at async exports.getTransactionDetails (/Users/mmg/Documents/yesm/yesm-back/src/controllers/transactionController.js:6:19)","timestamp":"2024-08-21T10:27:22.430Z","txHash":"0x860b7c88690dc39a56eabeb278ac27325edfba2bbb0840306f83162c974fa10c"}
{"level":"debug","message":"Transaction found on Solana","timestamp":"2024-08-21T10:27:22.591Z"}
{"level":"info","message":"Transaction hash 0x860b7c88690dc39a56eabeb278ac27325edfba2bbb0840306f83162c974fa10c detected on Solana","timestamp":"2024-08-21T10:27:22.591Z"}
{"level":"info","message":"Server is running on port 5001","timestamp":"2024-08-21T10:28:41.240Z"}
{"level":"info","message":"Server is running on port 5001","timestamp":"2024-08-21T10:30:13.879Z"}
{"level":"info","message":"Moralis initialized successfully","timestamp":"2024-08-21T10:30:13.881Z"}
{"level":"info","message":"Server is running on port 5001","timestamp":"2024-08-21T10:30:27.974Z"}
{"level":"info","message":"Moralis initialized successfully","timestamp":"2024-08-21T10:30:27.977Z"}
{"level":"info","message":"Server is running on port 5001","timestamp":"2024-08-21T10:30:37.204Z"}
{"level":"info","message":"Moralis initialized successfully","timestamp":"2024-08-21T10:30:37.206Z"}
{"level":"info","message":"Server is running on port 5001","timestamp":"2024-08-21T10:30:45.200Z"}
{"level":"info","message":"Moralis initialized successfully","timestamp":"2024-08-21T10:30:45.205Z"}
{"level":"info","message":"Server is running on port 5001","timestamp":"2024-08-21T10:30:48.444Z"}
{"level":"info","message":"Moralis initialized successfully","timestamp":"2024-08-21T10:30:48.446Z"}
{"level":"info","message":"Server is running on port 5001","timestamp":"2024-08-21T10:31:14.253Z"}
{"level":"info","message":"Moralis initialized successfully","timestamp":"2024-08-21T10:31:14.255Z"}
{"level":"info","message":"Server is running on port 5001","timestamp":"2024-08-21T10:31:17.676Z"}
{"level":"info","message":"Moralis initialized successfully","timestamp":"2024-08-21T10:31:17.679Z"}
{"level":"debug","message":"Detecting chain for transaction hash: 0x860b7c88690dc39a56eabeb278ac27325edfba2bbb0840306f83162c974fa10c","timestamp":"2024-08-21T10:31:22.844Z"}
{"level":"debug","message":"Transaction found on EVM chain: Ethereum Mainnet","timestamp":"2024-08-21T10:31:23.781Z"}
{"level":"info","message":"Transaction hash 0x860b7c88690dc39a56eabeb278ac27325edfba2bbb0840306f83162c974fa10c detected on EVM chain: Ethereum Mainnet","timestamp":"2024-08-21T10:31:23.782Z"}
{"level":"info","message":"Server is running on port 5001","timestamp":"2024-08-21T10:37:28.565Z"}
{"level":"info","message":"Moralis initialized successfully","timestamp":"2024-08-21T10:37:28.567Z"}
{"level":"debug","message":"Detecting chain for transaction hash: 0x860b7c88690dc39a56eabeb278ac27325edfba2bbb0840306f83162c974fa10c","timestamp":"2024-08-21T10:37:40.477Z"}
{"level":"debug","message":"Transaction found on EVM chain: Ethereum Mainnet","timestamp":"2024-08-21T10:37:41.430Z"}
{"level":"info","message":"Transaction hash 0x860b7c88690dc39a56eabeb278ac27325edfba2bbb0840306f83162c974fa10c detected on EVM chain: Ethereum Mainnet","timestamp":"2024-08-21T10:37:41.431Z"}
{"level":"info","message":"Server is running on port 5001","timestamp":"2024-08-21T10:44:04.675Z"}
{"level":"info","message":"Moralis initialized successfully","timestamp":"2024-08-21T10:44:04.680Z"}
{"level":"info","message":"Server is running on port 5001","timestamp":"2024-08-21T10:44:53.839Z"}
{"level":"info","message":"Moralis initialized successfully","timestamp":"2024-08-21T10:44:53.841Z"}
{"level":"info","message":"Server is running on port 5001","timestamp":"2024-08-21T10:47:14.783Z"}
{"level":"info","message":"Moralis initialized successfully","timestamp":"2024-08-21T10:47:14.785Z"}
{"level":"info","message":"Server is running on port 5001","timestamp":"2024-08-21T10:47:17.516Z"}
{"level":"info","message":"Moralis initialized successfully","timestamp":"2024-08-21T10:47:17.518Z"}
{"level":"info","message":"Server is running on port 5001","timestamp":"2024-08-21T10:47:31.006Z"}
{"level":"info","message":"Moralis initialized successfully","timestamp":"2024-08-21T10:47:31.008Z"}
{"level":"info","message":"Server is running on port 5001","timestamp":"2024-08-21T10:47:41.762Z"}
{"level":"info","message":"Moralis initialized successfully","timestamp":"2024-08-21T10:47:41.764Z"}
{"level":"info","message":"Server is running on port 5001","timestamp":"2024-08-21T10:47:55.218Z"}
{"level":"info","message":"Moralis initialized successfully","timestamp":"2024-08-21T10:47:55.220Z"}
{"level":"info","message":"Server is running on port 5001","timestamp":"2024-08-21T10:48:04.555Z"}
{"level":"info","message":"Moralis initialized successfully","timestamp":"2024-08-21T10:48:04.557Z"}
{"level":"debug","message":"Detecting chain for transaction hash: 0x860b7c88690dc39a56eabeb278ac27325edfba2bbb0840306f83162c974fa10c","timestamp":"2024-08-21T10:48:09.935Z"}
{"level":"debug","message":"Transaction found on EVM chain: Ethereum Mainnet","timestamp":"2024-08-21T10:48:10.877Z"}
{"level":"info","message":"Transaction hash 0x860b7c88690dc39a56eabeb278ac27325edfba2bbb0840306f83162c974fa10c detected on EVM chain: Ethereum Mainnet","timestamp":"2024-08-21T10:48:10.878Z"}
{"level":"info","message":"Server is running on port 5001","timestamp":"2024-08-21T10:49:22.703Z"}
{"level":"info","message":"Moralis initialized successfully","timestamp":"2024-08-21T10:49:22.705Z"}
{"level":"debug","message":"Detecting chain for transaction hash: 0x860b7c88690dc39a56eabeb278ac27325edfba2bbb0840306f83162c974fa10c","timestamp":"2024-08-21T10:49:37.256Z"}
{"level":"debug","message":"Transaction found on EVM chain: Ethereum Mainnet","timestamp":"2024-08-21T10:49:38.135Z"}
{"level":"info","message":"Transaction hash 0x860b7c88690dc39a56eabeb278ac27325edfba2bbb0840306f83162c974fa10c detected on EVM chain: Ethereum Mainnet","timestamp":"2024-08-21T10:49:38.136Z"}
{"level":"info","message":"Server is running on port 5001","timestamp":"2024-08-21T10:50:53.879Z"}
{"level":"info","message":"Moralis initialized successfully","timestamp":"2024-08-21T10:50:53.881Z"}
{"level":"debug","message":"Detecting chain for transaction hash: 0x860b7c88690dc39a56eabeb278ac27325edfba2bbb0840306f83162c974fa10c","timestamp":"2024-08-21T10:51:00.468Z"}
{"level":"debug","message":"Transaction found on EVM chain: Ethereum Mainnet","timestamp":"2024-08-21T10:51:01.280Z"}
{"level":"info","message":"Transaction hash 0x860b7c88690dc39a56eabeb278ac27325edfba2bbb0840306f83162c974fa10c detected on EVM chain: Ethereum Mainnet","timestamp":"2024-08-21T10:51:01.281Z"}
{"level":"info","message":"Server is running on port 5001","timestamp":"2024-08-21T10:52:08.471Z"}
{"level":"info","message":"Moralis initialized successfully","timestamp":"2024-08-21T10:52:08.473Z"}
{"level":"debug","message":"Detecting chain for transaction hash: 0x860b7c88690dc39a56eabeb278ac27325edfba2bbb0840306f83162c974fa10c","timestamp":"2024-08-21T10:52:16.292Z"}
{"level":"debug","message":"Transaction found on EVM chain: Ethereum Mainnet","timestamp":"2024-08-21T10:52:17.161Z"}
{"level":"info","message":"Transaction hash 0x860b7c88690dc39a56eabeb278ac27325edfba2bbb0840306f83162c974fa10c detected on EVM chain: ethereum mainnet","timestamp":"2024-08-21T10:52:17.161Z"}
{"level":"info","message":"Server is running on port 5001","timestamp":"2024-08-21T10:53:26.293Z"}
{"level":"info","message":"Moralis initialized successfully","timestamp":"2024-08-21T10:53:26.295Z"}
{"level":"info","message":"Server is running on port 5001","timestamp":"2024-08-21T10:54:46.231Z"}
{"level":"info","message":"Moralis initialized successfully","timestamp":"2024-08-21T10:54:46.233Z"}
{"level":"info","message":"Server is running on port 5001","timestamp":"2024-08-21T10:54:48.955Z"}
{"level":"info","message":"Moralis initialized successfully","timestamp":"2024-08-21T10:54:48.957Z"}
{"level":"debug","message":"Detecting chain for transaction hash: 0x860b7c88690dc39a56eabeb278ac27325edfba2bbb0840306f83162c974fa10c","timestamp":"2024-08-21T10:54:51.594Z"}
{"level":"debug","message":"Transaction found on EVM chain: Ethereum Mainnet","timestamp":"2024-08-21T10:54:52.375Z"}
{"level":"info","message":"Transaction hash 0x860b7c88690dc39a56eabeb278ac27325edfba2bbb0840306f83162c974fa10c detected on EVM chain: ethereum mainnet","timestamp":"2024-08-21T10:54:52.375Z"}
{"level":"info","message":"Server is running on port 5001","timestamp":"2024-08-21T13:44:13.682Z"}
{"level":"info","message":"Moralis initialized successfully","timestamp":"2024-08-21T13:44:13.684Z"}
{"level":"debug","message":"Detecting chain for transaction hash: 0xa91ad4ee6371d7cb1b58bb03f9125ce6572f855bfa420d977f2b823bae400fb7","timestamp":"2024-08-21T13:44:35.005Z"}
{"level":"debug","message":"Transaction found on EVM chain: Ethereum Mainnet","timestamp":"2024-08-21T13:44:35.717Z"}
{"level":"info","message":"Transaction hash 0xa91ad4ee6371d7cb1b58bb03f9125ce6572f855bfa420d977f2b823bae400fb7 detected on EVM chain: ethereum mainnet","timestamp":"2024-08-21T13:44:35.717Z"}
{"level":"info","message":"Server is running on port 5001","timestamp":"2024-08-21T13:46:08.560Z"}
{"level":"info","message":"Moralis initialized successfully","timestamp":"2024-08-21T13:46:08.562Z"}
{"level":"info","message":"Server is running on port 5001","timestamp":"2024-08-21T13:47:26.164Z"}
{"level":"info","message":"Moralis initialized successfully","timestamp":"2024-08-21T13:47:26.166Z"}
{"level":"debug","message":"Detecting chain for transaction hash: 0xa91ad4ee6371d7cb1b58bb03f9125ce6572f855bfa420d977f2b823bae400fb7","timestamp":"2024-08-21T13:48:37.766Z"}
{"level":"debug","message":"Transaction found on EVM chain: Ethereum Mainnet","timestamp":"2024-08-21T13:48:38.670Z"}
{"level":"info","message":"Transaction hash 0xa91ad4ee6371d7cb1b58bb03f9125ce6572f855bfa420d977f2b823bae400fb7 detected on EVM chain: ethereum mainnet","timestamp":"2024-08-21T13:48:38.671Z"}
{"level":"info","message":"Server is running on port 5001","timestamp":"2024-08-21T13:54:02.195Z"}
{"level":"info","message":"Server is running on port 5001","timestamp":"2024-08-21T13:54:55.339Z"}
{"level":"debug","message":"Detecting chain for transaction hash: 0xa91ad4ee6371d7cb1b58bb03f9125ce6572f855bfa420d977f2b823bae400fb7","timestamp":"2024-08-21T13:55:08.597Z"}
{"errorDetails":{},"level":"error","message":"Error detecting chain for transaction hash 0xa91ad4ee6371d7cb1b58bb03f9125ce6572f855bfa420d977f2b823bae400fb7: evmService.checkEVMChains is not a function","stack":"TypeError: evmService.checkEVMChains is not a function\n    at ChainDetectionService.detectChain (/Users/mmg/Documents/yesm/yesm-back/src/services/chainDetectionService.js:26:41)\n    at exports.getTransactionDetails (/Users/mmg/Documents/yesm/yesm-back/src/controllers/transactionController.js:6:47)\n    at Layer.handle [as handle_request] (/Users/mmg/Documents/yesm/yesm-back/node_modules/express/lib/router/layer.js:95:5)\n    at next (/Users/mmg/Documents/yesm/yesm-back/node_modules/express/lib/router/route.js:149:13)\n    at Route.dispatch (/Users/mmg/Documents/yesm/yesm-back/node_modules/express/lib/router/route.js:119:3)\n    at Layer.handle [as handle_request] (/Users/mmg/Documents/yesm/yesm-back/node_modules/express/lib/router/layer.js:95:5)\n    at /Users/mmg/Documents/yesm/yesm-back/node_modules/express/lib/router/index.js:284:15\n    at param (/Users/mmg/Documents/yesm/yesm-back/node_modules/express/lib/router/index.js:365:14)\n    at param (/Users/mmg/Documents/yesm/yesm-back/node_modules/express/lib/router/index.js:376:14)\n    at Function.process_params (/Users/mmg/Documents/yesm/yesm-back/node_modules/express/lib/router/index.js:421:3)","timestamp":"2024-08-21T13:55:08.598Z","txHash":"0xa91ad4ee6371d7cb1b58bb03f9125ce6572f855bfa420d977f2b823bae400fb7"}
{"level":"info","message":"Server is running on port 5001","timestamp":"2024-08-21T14:02:25.484Z"}
{"level":"debug","message":"Detecting chain for transaction hash: 0xa91ad4ee6371d7cb1b58bb03f9125ce6572f855bfa420d977f2b823bae400fb7","timestamp":"2024-08-21T14:02:41.687Z"}
{"errorDetails":{},"level":"error","message":"Error detecting chain for transaction hash 0xa91ad4ee6371d7cb1b58bb03f9125ce6572f855bfa420d977f2b823bae400fb7: Cannot read properties of undefined (reading 'ETH')","stack":"TypeError: Cannot read properties of undefined (reading 'ETH')\n    at ChainDetectionService.detectChain (/Users/mmg/Documents/yesm/yesm-back/src/services/chainDetectionService.js:19:64)\n    at exports.getTransactionDetails (/Users/mmg/Documents/yesm/yesm-back/src/controllers/transactionController.js:6:47)\n    at Layer.handle [as handle_request] (/Users/mmg/Documents/yesm/yesm-back/node_modules/express/lib/router/layer.js:95:5)\n    at next (/Users/mmg/Documents/yesm/yesm-back/node_modules/express/lib/router/route.js:149:13)\n    at Route.dispatch (/Users/mmg/Documents/yesm/yesm-back/node_modules/express/lib/router/route.js:119:3)\n    at Layer.handle [as handle_request] (/Users/mmg/Documents/yesm/yesm-back/node_modules/express/lib/router/layer.js:95:5)\n    at /Users/mmg/Documents/yesm/yesm-back/node_modules/express/lib/router/index.js:284:15\n    at param (/Users/mmg/Documents/yesm/yesm-back/node_modules/express/lib/router/index.js:365:14)\n    at param (/Users/mmg/Documents/yesm/yesm-back/node_modules/express/lib/router/index.js:376:14)\n    at Function.process_params (/Users/mmg/Documents/yesm/yesm-back/node_modules/express/lib/router/index.js:421:3)","timestamp":"2024-08-21T14:02:41.689Z","txHash":"0xa91ad4ee6371d7cb1b58bb03f9125ce6572f855bfa420d977f2b823bae400fb7"}
{"level":"info","message":"Server is running on port 5001","timestamp":"2024-08-21T14:05:53.448Z"}
{"level":"debug","message":"Detecting chain for transaction hash: 0xa91ad4ee6371d7cb1b58bb03f9125ce6572f855bfa420d977f2b823bae400fb7","timestamp":"2024-08-21T14:05:59.273Z"}
{"errorDetails":{},"level":"error","message":"Error detecting chain for transaction hash 0xa91ad4ee6371d7cb1b58bb03f9125ce6572f855bfa420d977f2b823bae400fb7: Cannot read properties of undefined (reading 'ETHEREUM')","stack":"TypeError: Cannot read properties of undefined (reading 'ETHEREUM')\n    at ChainDetectionService.detectChain (/Users/mmg/Documents/yesm/yesm-back/src/services/chainDetectionService.js:14:26)\n    at exports.getTransactionDetails (/Users/mmg/Documents/yesm/yesm-back/src/controllers/transactionController.js:6:47)\n    at Layer.handle [as handle_request] (/Users/mmg/Documents/yesm/yesm-back/node_modules/express/lib/router/layer.js:95:5)\n    at next (/Users/mmg/Documents/yesm/yesm-back/node_modules/express/lib/router/route.js:149:13)\n    at Route.dispatch (/Users/mmg/Documents/yesm/yesm-back/node_modules/express/lib/router/route.js:119:3)\n    at Layer.handle [as handle_request] (/Users/mmg/Documents/yesm/yesm-back/node_modules/express/lib/router/layer.js:95:5)\n    at /Users/mmg/Documents/yesm/yesm-back/node_modules/express/lib/router/index.js:284:15\n    at param (/Users/mmg/Documents/yesm/yesm-back/node_modules/express/lib/router/index.js:365:14)\n    at param (/Users/mmg/Documents/yesm/yesm-back/node_modules/express/lib/router/index.js:376:14)\n    at Function.process_params (/Users/mmg/Documents/yesm/yesm-back/node_modules/express/lib/router/index.js:421:3)","timestamp":"2024-08-21T14:05:59.274Z","txHash":"0xa91ad4ee6371d7cb1b58bb03f9125ce6572f855bfa420d977f2b823bae400fb7"}
{"level":"info","message":"Server is running on port 5001","timestamp":"2024-08-21T14:08:32.670Z"}
{"level":"debug","message":"Detecting chain for transaction hash: 0xa91ad4ee6371d7cb1b58bb03f9125ce6572f855bfa420d977f2b823bae400fb7","timestamp":"2024-08-21T14:08:36.533Z"}
{"errorDetails":{},"level":"error","message":"Error detecting chain for transaction hash 0xa91ad4ee6371d7cb1b58bb03f9125ce6572f855bfa420d977f2b823bae400fb7: EvmChain is not defined","stack":"ReferenceError: EvmChain is not defined\n    at ChainDetectionService.detectChain (/Users/mmg/Documents/yesm/yesm-back/src/services/chainDetectionService.js:14:9)\n    at exports.getTransactionDetails (/Users/mmg/Documents/yesm/yesm-back/src/controllers/transactionController.js:6:47)\n    at Layer.handle [as handle_request] (/Users/mmg/Documents/yesm/yesm-back/node_modules/express/lib/router/layer.js:95:5)\n    at next (/Users/mmg/Documents/yesm/yesm-back/node_modules/express/lib/router/route.js:149:13)\n    at Route.dispatch (/Users/mmg/Documents/yesm/yesm-back/node_modules/express/lib/router/route.js:119:3)\n    at Layer.handle [as handle_request] (/Users/mmg/Documents/yesm/yesm-back/node_modules/express/lib/router/layer.js:95:5)\n    at /Users/mmg/Documents/yesm/yesm-back/node_modules/express/lib/router/index.js:284:15\n    at param (/Users/mmg/Documents/yesm/yesm-back/node_modules/express/lib/router/index.js:365:14)\n    at param (/Users/mmg/Documents/yesm/yesm-back/node_modules/express/lib/router/index.js:376:14)\n    at Function.process_params (/Users/mmg/Documents/yesm/yesm-back/node_modules/express/lib/router/index.js:421:3)","timestamp":"2024-08-21T14:08:36.534Z","txHash":"0xa91ad4ee6371d7cb1b58bb03f9125ce6572f855bfa420d977f2b823bae400fb7"}
{"level":"info","message":"Server is running on port 5001","timestamp":"2024-08-21T14:08:41.466Z"}
{"level":"info","message":"Server is running on port 5001","timestamp":"2024-08-21T14:17:03.038Z"}
{"level":"info","message":"Server is running on port 5001","timestamp":"2024-08-21T14:18:47.276Z"}
{"level":"info","message":"Server is running on port 5001","timestamp":"2024-08-21T14:18:54.283Z"}
{"level":"info","message":"Server is running on port 5001","timestamp":"2024-08-21T14:19:26.661Z"}
{"level":"info","message":"Server is running on port 5001","timestamp":"2024-08-21T14:20:05.551Z"}
{"level":"debug","message":"Detecting chain for transaction hash: 0x860b7c88690dc39a56eabeb278ac27325edfba2bbb0840306f83162c974fa10c","timestamp":"2024-08-21T14:20:25.220Z"}
{"errorDetails":{"code":"A0003","isMoralisError":true,"name":"Moralis SDK API Error"},"level":"error","message":"Error detecting chain for transaction hash 0x860b7c88690dc39a56eabeb278ac27325edfba2bbb0840306f83162c974fa10c: [A0003] apiKey is not set","stack":"Moralis SDK API Error: [A0003] apiKey is not set\n    at OperationRequestBuilder.prepareHeaders (/Users/mmg/Documents/yesm/yesm-back/node_modules/@moralisweb3/api-utils/lib/cjs/index.cjs:210:19)\n    at NullableOperationResolver.<anonymous> (/Users/mmg/Documents/yesm/yesm-back/node_modules/@moralisweb3/api-utils/lib/cjs/index.cjs:331:62)\n    at step (/Users/mmg/Documents/yesm/yesm-back/node_modules/@moralisweb3/api-utils/lib/cjs/index.cjs:151:23)\n    at Object.next (/Users/mmg/Documents/yesm/yesm-back/node_modules/@moralisweb3/api-utils/lib/cjs/index.cjs:132:53)\n    at /Users/mmg/Documents/yesm/yesm-back/node_modules/@moralisweb3/api-utils/lib/cjs/index.cjs:125:71\n    at new Promise (<anonymous>)\n    at __awaiter (/Users/mmg/Documents/yesm/yesm-back/node_modules/@moralisweb3/api-utils/lib/cjs/index.cjs:121:12)\n    at NullableOperationResolver._fetch (/Users/mmg/Documents/yesm/yesm-back/node_modules/@moralisweb3/api-utils/lib/cjs/index.cjs:319:16)\n    at NullableOperationResolver.<anonymous> (/Users/mmg/Documents/yesm/yesm-back/node_modules/@moralisweb3/api-utils/lib/cjs/index.cjs:293:51)\n    at step (/Users/mmg/Documents/yesm/yesm-back/node_modules/@moralisweb3/api-utils/lib/cjs/index.cjs:151:23)","timestamp":"2024-08-21T14:20:25.224Z","txHash":"0x860b7c88690dc39a56eabeb278ac27325edfba2bbb0840306f83162c974fa10c"}
{"level":"info","message":"Server is running on port 5001","timestamp":"2024-08-21T14:22:34.694Z"}
{"level":"info","message":"Server is running on port 5001","timestamp":"2024-08-21T14:23:28.833Z"}
{"level":"info","message":"Moralis initialized successfully","timestamp":"2024-08-21T14:23:46.442Z"}
{"level":"info","message":"Server is running on port 5001","timestamp":"2024-08-21T14:23:46.444Z"}
{"level":"info","message":"Moralis initialized successfully","timestamp":"2024-08-21T14:23:48.515Z"}
{"level":"info","message":"Server is running on port 5001","timestamp":"2024-08-21T14:23:48.518Z"}
{"level":"info","message":"Moralis initialized successfully","timestamp":"2024-08-21T14:24:03.432Z"}
{"level":"info","message":"Server is running on port 5001","timestamp":"2024-08-21T14:24:03.435Z"}
{"level":"info","message":"Moralis initialized successfully","timestamp":"2024-08-21T14:25:17.948Z"}
{"level":"info","message":"Server is running on port 5001","timestamp":"2024-08-21T14:25:17.951Z"}
{"level":"info","message":"Moralis initialized successfully","timestamp":"2024-08-21T14:25:20.877Z"}
{"level":"info","message":"Server is running on port 5001","timestamp":"2024-08-21T14:25:20.879Z"}
{"level":"debug","message":"Detecting chain for transaction hash: 0x860b7c88690dc39a56eabeb278ac27325edfba2bbb0840306f83162c974fa10c","timestamp":"2024-08-21T14:25:29.566Z"}
{"level":"info","message":"Transaction hash 0x860b7c88690dc39a56eabeb278ac27325edfba2bbb0840306f83162c974fa10c detected on EVM chain: Ethereum Mainnet","timestamp":"2024-08-21T14:25:30.594Z"}
{"level":"info","message":"Moralis initialized successfully","timestamp":"2024-08-21T14:26:29.813Z"}
{"level":"info","message":"Server is running on port 5001","timestamp":"2024-08-21T14:26:29.816Z"}
{"level":"info","message":"Moralis initialized successfully","timestamp":"2024-08-21T14:26:59.106Z"}
{"level":"info","message":"Server is running on port 5001","timestamp":"2024-08-21T14:26:59.109Z"}
{"level":"info","message":"Moralis initialized successfully","timestamp":"2024-08-21T14:27:43.204Z"}
{"level":"info","message":"Server is running on port 5001","timestamp":"2024-08-21T14:27:43.207Z"}
{"level":"debug","message":"Detecting chain for transaction hash: 0x860b7c88690dc39a56eabeb278ac27325edfba2bbb0840306f83162c974fa10c","timestamp":"2024-08-21T14:27:47.559Z"}
{"level":"info","message":"Transaction hash 0x860b7c88690dc39a56eabeb278ac27325edfba2bbb0840306f83162c974fa10c detected on EVM chain: Ethereum Mainnet","timestamp":"2024-08-21T14:27:48.326Z"}
{"level":"info","message":"Moralis initialized successfully","timestamp":"2024-08-21T14:41:52.102Z"}
{"level":"info","message":"Server is running on port 5001","timestamp":"2024-08-21T14:41:52.109Z"}
{"level":"info","message":"Moralis initialized successfully","timestamp":"2024-08-21T14:43:16.017Z"}
{"level":"info","message":"Server is running on port 5001","timestamp":"2024-08-21T14:43:16.020Z"}
{"level":"info","message":"Moralis initialized successfully","timestamp":"2024-08-21T14:43:20.595Z"}
{"level":"info","message":"Server is running on port 5001","timestamp":"2024-08-21T14:43:20.598Z"}
{"level":"info","message":"Moralis initialized successfully","timestamp":"2024-08-21T14:43:49.527Z"}
{"level":"info","message":"Server is running on port 5001","timestamp":"2024-08-21T14:43:49.529Z"}
{"level":"info","message":"Moralis initialized successfully","timestamp":"2024-08-21T14:44:28.724Z"}
{"level":"info","message":"Server is running on port 5001","timestamp":"2024-08-21T14:44:28.726Z"}
{"level":"info","message":"Moralis initialized successfully","timestamp":"2024-08-21T14:44:43.396Z"}
{"level":"info","message":"Server is running on port 5001","timestamp":"2024-08-21T14:44:43.399Z"}
{"level":"info","message":"Moralis initialized successfully","timestamp":"2024-08-21T14:44:55.359Z"}
{"level":"info","message":"Server is running on port 5001","timestamp":"2024-08-21T14:44:55.362Z"}
{"level":"info","message":"Moralis initialized successfully","timestamp":"2024-08-21T14:52:28.484Z"}
{"level":"info","message":"Server is running on port 5001","timestamp":"2024-08-21T14:52:28.487Z"}
{"level":"debug","message":"Detecting chain for transaction hash: 0x860b7c88690dc39a56eabeb278ac27325edfba2bbb0840306f83162c974fa10c","timestamp":"2024-08-21T14:52:41.100Z"}
{"level":"info","message":"Transaction hash 0x860b7c88690dc39a56eabeb278ac27325edfba2bbb0840306f83162c974fa10c detected on EVM chain: Ethereum Mainnet","timestamp":"2024-08-21T14:52:42.058Z"}
{"errorDetails":{},"level":"error","message":"Error fetching transaction details from ethereum: Cannot read properties of undefined (reading 'utils')","stack":"TypeError: Cannot read properties of undefined (reading 'utils')\n    at EVMService.fetchTransactionDetails (/Users/mmg/Documents/yesm/yesm-back/src/services/evmService.js:69:27)\n    at process.processTicksAndRejections (node:internal/process/task_queues:95:5)\n    at async exports.getTransactionDetails (/Users/mmg/Documents/yesm/yesm-back/src/controllers/transactionController.js:12:32)","timestamp":"2024-08-21T14:52:42.764Z","txHash":"0x860b7c88690dc39a56eabeb278ac27325edfba2bbb0840306f83162c974fa10c"}
{"level":"info","message":"Moralis initialized successfully","timestamp":"2024-08-21T15:03:52.864Z"}
{"level":"info","message":"Server is running on port 5001","timestamp":"2024-08-21T15:03:52.870Z"}
{"level":"info","message":"Moralis initialized successfully","timestamp":"2024-08-21T15:06:14.413Z"}
{"level":"info","message":"Server is running on port 5001","timestamp":"2024-08-21T15:06:14.415Z"}
{"level":"info","message":"Moralis initialized successfully","timestamp":"2024-08-21T15:21:24.129Z"}
{"level":"info","message":"Server is running on port 5001","timestamp":"2024-08-21T15:21:24.134Z"}
{"level":"info","message":"Web3 initialized successfully","timestamp":"2024-08-21T15:21:24.330Z"}
{"level":"info","message":"Moralis initialized successfully","timestamp":"2024-08-21T15:21:55.037Z"}
{"level":"info","message":"Server is running on port 5001","timestamp":"2024-08-21T15:21:55.040Z"}
{"level":"info","message":"Web3 initialized successfully","timestamp":"2024-08-21T15:21:55.214Z"}
{"level":"debug","message":"Detecting chain for transaction hash: 0x860b7c88690dc39a56eabeb278ac27325edfba2bbb0840306f83162c974fa10c","timestamp":"2024-08-21T15:22:06.143Z"}
{"level":"info","message":"Transaction hash 0x860b7c88690dc39a56eabeb278ac27325edfba2bbb0840306f83162c974fa10c detected on EVM chain: Ethereum Mainnet","timestamp":"2024-08-21T15:22:07.374Z"}
{"errorDetails":{},"level":"error","message":"Error fetching transaction details from ethereum: this.web3.utils.toBN is not a function","stack":"TypeError: this.web3.utils.toBN is not a function\n    at EVMService.fetchTransactionDetails (/Users/mmg/Documents/yesm/yesm-back/src/services/evmService.js:100:27)\n    at process.processTicksAndRejections (node:internal/process/task_queues:95:5)\n    at async exports.getTransactionDetails (/Users/mmg/Documents/yesm/yesm-back/src/controllers/transactionController.js:12:32)","timestamp":"2024-08-21T15:22:08.059Z","txHash":"0x860b7c88690dc39a56eabeb278ac27325edfba2bbb0840306f83162c974fa10c"}
{"level":"info","message":"Moralis initialized successfully","timestamp":"2024-08-21T15:22:55.895Z"}
{"level":"info","message":"Server is running on port 5001","timestamp":"2024-08-21T15:22:55.897Z"}
{"level":"info","message":"Web3 initialized successfully","timestamp":"2024-08-21T15:22:56.064Z"}
{"level":"debug","message":"Detecting chain for transaction hash: 0x860b7c88690dc39a56eabeb278ac27325edfba2bbb0840306f83162c974fa10c","timestamp":"2024-08-21T15:23:08.827Z"}
{"level":"info","message":"Transaction hash 0x860b7c88690dc39a56eabeb278ac27325edfba2bbb0840306f83162c974fa10c detected on EVM chain: Ethereum Mainnet","timestamp":"2024-08-21T15:23:09.652Z"}
{"errorDetails":{},"level":"error","message":"Error fetching transaction details from ethereum: this.web3.utils.toBN is not a function","stack":"TypeError: this.web3.utils.toBN is not a function\n    at EVMService.fetchTransactionDetails (/Users/mmg/Documents/yesm/yesm-back/src/services/evmService.js:100:27)\n    at process.processTicksAndRejections (node:internal/process/task_queues:95:5)\n    at async exports.getTransactionDetails (/Users/mmg/Documents/yesm/yesm-back/src/controllers/transactionController.js:12:32)","timestamp":"2024-08-21T15:23:10.321Z","txHash":"0x860b7c88690dc39a56eabeb278ac27325edfba2bbb0840306f83162c974fa10c"}
{"level":"info","message":"Moralis initialized successfully","timestamp":"2024-08-21T15:48:07.035Z"}
{"level":"info","message":"Server is running on port 5001","timestamp":"2024-08-21T15:48:07.038Z"}
{"level":"info","message":"Web3 initialized successfully","timestamp":"2024-08-21T15:48:07.219Z"}
{"level":"debug","message":"Detecting chain for transaction hash: 0x860b7c88690dc39a56eabeb278ac27325edfba2bbb0840306f83162c974fa10c","timestamp":"2024-08-21T15:48:27.672Z"}
{"level":"info","message":"Transaction hash 0x860b7c88690dc39a56eabeb278ac27325edfba2bbb0840306f83162c974fa10c detected on EVM chain: Ethereum Mainnet","timestamp":"2024-08-21T15:48:28.733Z"}
{"errorDetails":{},"level":"error","message":"Error fetching transaction details from ethereum: this.web3.utils.BN is not a constructor","stack":"TypeError: this.web3.utils.BN is not a constructor\n    at EVMService.fetchTransactionDetails (/Users/mmg/Documents/yesm/yesm-back/src/services/evmService.js:95:19)\n    at process.processTicksAndRejections (node:internal/process/task_queues:95:5)\n    at async exports.getTransactionDetails (/Users/mmg/Documents/yesm/yesm-back/src/controllers/transactionController.js:12:32)","timestamp":"2024-08-21T15:48:29.489Z","txHash":"0x860b7c88690dc39a56eabeb278ac27325edfba2bbb0840306f83162c974fa10c"}
{"level":"info","message":"Moralis initialized successfully","timestamp":"2024-08-21T15:49:45.918Z"}
{"level":"info","message":"Server is running on port 5001","timestamp":"2024-08-21T15:49:45.920Z"}
{"level":"info","message":"Web3 initialized successfully","timestamp":"2024-08-21T15:49:46.099Z"}
{"level":"debug","message":"Detecting chain for transaction hash: 0x860b7c88690dc39a56eabeb278ac27325edfba2bbb0840306f83162c974fa10c","timestamp":"2024-08-21T15:49:53.127Z"}
{"level":"info","message":"Transaction hash 0x860b7c88690dc39a56eabeb278ac27325edfba2bbb0840306f83162c974fa10c detected on EVM chain: Ethereum Mainnet","timestamp":"2024-08-21T15:49:54.024Z"}
{"errorDetails":{},"level":"error","message":"Error fetching transaction details from ethereum: this.web3.utils.toBN is not a function","stack":"TypeError: this.web3.utils.toBN is not a function\n    at EVMService.fetchTransactionDetails (/Users/mmg/Documents/yesm/yesm-back/src/services/evmService.js:95:35)\n    at process.processTicksAndRejections (node:internal/process/task_queues:95:5)\n    at async exports.getTransactionDetails (/Users/mmg/Documents/yesm/yesm-back/src/controllers/transactionController.js:12:32)","timestamp":"2024-08-21T15:49:54.845Z","txHash":"0x860b7c88690dc39a56eabeb278ac27325edfba2bbb0840306f83162c974fa10c"}
{"level":"info","message":"Moralis initialized successfully","timestamp":"2024-08-21T15:58:48.579Z"}
{"level":"info","message":"Server is running on port 5001","timestamp":"2024-08-21T15:58:48.582Z"}
{"level":"info","message":"Web3 initialized successfully","timestamp":"2024-08-21T15:58:48.759Z"}
{"level":"debug","message":"Detecting chain for transaction hash: 0x860b7c88690dc39a56eabeb278ac27325edfba2bbb0840306f83162c974fa10c","timestamp":"2024-08-21T15:59:02.203Z"}
{"level":"info","message":"Transaction hash 0x860b7c88690dc39a56eabeb278ac27325edfba2bbb0840306f83162c974fa10c detected on EVM chain: Ethereum Mainnet","timestamp":"2024-08-21T15:59:03.206Z"}
{"errorDetails":{},"level":"error","message":"Error fetching transaction details from ethereum: fee is not defined","stack":"ReferenceError: fee is not defined\n    at EVMService.fetchTransactionDetails (/Users/mmg/Documents/yesm/yesm-back/src/services/evmService.js:106:22)\n    at process.processTicksAndRejections (node:internal/process/task_queues:95:5)\n    at async exports.getTransactionDetails (/Users/mmg/Documents/yesm/yesm-back/src/controllers/transactionController.js:12:32)","timestamp":"2024-08-21T15:59:03.885Z","txHash":"0x860b7c88690dc39a56eabeb278ac27325edfba2bbb0840306f83162c974fa10c"}
{"level":"info","message":"Moralis initialized successfully","timestamp":"2024-08-21T16:03:16.558Z"}
{"level":"info","message":"Server is running on port 5001","timestamp":"2024-08-21T16:03:16.565Z"}
{"level":"info","message":"Web3 initialized successfully","timestamp":"2024-08-21T16:03:16.756Z"}
{"level":"debug","message":"Detecting chain for transaction hash: 0x860b7c88690dc39a56eabeb278ac27325edfba2bbb0840306f83162c974fa10c","timestamp":"2024-08-21T16:03:23.845Z"}
{"level":"info","message":"Transaction hash 0x860b7c88690dc39a56eabeb278ac27325edfba2bbb0840306f83162c974fa10c detected on EVM chain: Ethereum Mainnet","timestamp":"2024-08-21T16:03:24.723Z"}
{"level":"info","message":"Moralis initialized successfully","timestamp":"2024-08-21T16:27:32.721Z"}
{"level":"info","message":"Server is running on port 5001","timestamp":"2024-08-21T16:27:32.724Z"}
{"level":"info","message":"Web3 initialized successfully","timestamp":"2024-08-21T16:27:32.903Z"}
{"level":"debug","message":"Detecting chain for transaction hash: 0x860b7c88690dc39a56eabeb278ac27325edfba2bbb0840306f83162c974fa10c","timestamp":"2024-08-21T16:27:44.972Z"}
{"level":"info","message":"Transaction hash 0x860b7c88690dc39a56eabeb278ac27325edfba2bbb0840306f83162c974fa10c detected on EVM chain: Ethereum Mainnet","timestamp":"2024-08-21T16:27:47.891Z"}
{"level":"info","message":"Moralis initialized successfully","timestamp":"2024-08-22T10:02:53.414Z"}
{"level":"info","message":"Server is running on port 5001","timestamp":"2024-08-22T10:02:53.416Z"}
{"level":"info","message":"Web3 initialized successfully","timestamp":"2024-08-22T10:02:53.634Z"}
{"level":"debug","message":"Detecting chain for transaction hash: 0x860b7c88690dc39a56eabeb278ac27325edfba2bbb0840306f83162c974fa10c","timestamp":"2024-08-22T10:03:11.819Z"}
{"level":"info","message":"Transaction hash 0x860b7c88690dc39a56eabeb278ac27325edfba2bbb0840306f83162c974fa10c detected on EVM chain: Ethereum Mainnet","timestamp":"2024-08-22T10:03:12.610Z"}
{"level":"debug","message":"Detecting chain for transaction hash: 0x860b7c88690dc39a56eabeb278ac27325edfba2bbb0840306f83162c974fa10c","timestamp":"2024-08-22T10:06:08.025Z"}
{"level":"info","message":"Transaction hash 0x860b7c88690dc39a56eabeb278ac27325edfba2bbb0840306f83162c974fa10c detected on EVM chain: Ethereum Mainnet","timestamp":"2024-08-22T10:06:08.774Z"}
{"level":"debug","message":"Detecting chain for transaction hash: 0xe6c51906c326f2b6d55f51a77e1bf5e3627066aef002505f2e431d57c91ee58a","timestamp":"2024-08-22T10:06:26.070Z"}
{"level":"info","message":"Transaction hash 0xe6c51906c326f2b6d55f51a77e1bf5e3627066aef002505f2e431d57c91ee58a detected on EVM chain: Ethereum Mainnet","timestamp":"2024-08-22T10:06:26.540Z"}
{"level":"debug","message":"Detecting chain for transaction hash: 0xe6c51906c326f2b6d55f51a77e1bf5e3627066aef002505f2e431d57c91ee58a","timestamp":"2024-08-22T10:24:19.334Z"}
{"level":"info","message":"Transaction hash 0xe6c51906c326f2b6d55f51a77e1bf5e3627066aef002505f2e431d57c91ee58a detected on EVM chain: Ethereum Mainnet","timestamp":"2024-08-22T10:24:20.071Z"}
{"level":"debug","message":"Detecting chain for transaction hash: 0x222e9f0a8e019a7a8eb8ddd07aba4082e3f8572da400a92aeb6d224652aaedc2","timestamp":"2024-08-22T10:31:24.931Z"}
{"level":"info","message":"Transaction hash 0x222e9f0a8e019a7a8eb8ddd07aba4082e3f8572da400a92aeb6d224652aaedc2 detected on EVM chain: Ethereum Mainnet","timestamp":"2024-08-22T10:31:25.670Z"}
{"level":"debug","message":"Detecting chain for transaction hash: 0x222e9f0a8e019a7a8eb8ddd07aba4082e3f8572da400a92aeb6d224652aaedc2","timestamp":"2024-08-22T10:31:40.064Z"}
{"level":"info","message":"Transaction hash 0x222e9f0a8e019a7a8eb8ddd07aba4082e3f8572da400a92aeb6d224652aaedc2 detected on EVM chain: Ethereum Mainnet","timestamp":"2024-08-22T10:31:40.461Z"}
{"level":"debug","message":"Detecting chain for transaction hash: 0x222e9f0a8e019a7a8eb8ddd07aba4082e3f8572da400a92aeb6d224652aaedc2","timestamp":"2024-08-22T11:13:22.080Z"}
{"level":"info","message":"Transaction hash 0x222e9f0a8e019a7a8eb8ddd07aba4082e3f8572da400a92aeb6d224652aaedc2 detected on EVM chain: Ethereum Mainnet","timestamp":"2024-08-22T11:13:22.925Z"}
{"level":"debug","message":"Detecting chain for transaction hash: 0x222e9f0a8e019a7a8eb8ddd07aba4082e3f8572da400a92aeb6d224652aaedc2","timestamp":"2024-08-22T11:25:21.088Z"}
{"level":"info","message":"Transaction hash 0x222e9f0a8e019a7a8eb8ddd07aba4082e3f8572da400a92aeb6d224652aaedc2 detected on EVM chain: Ethereum Mainnet","timestamp":"2024-08-22T11:25:21.849Z"}
{"level":"info","message":"Moralis initialized successfully","timestamp":"2024-08-22T13:21:15.055Z"}
{"level":"info","message":"Server is running on port 5001","timestamp":"2024-08-22T13:21:15.058Z"}
{"level":"info","message":"Web3 initialized successfully","timestamp":"2024-08-22T13:21:15.271Z"}
{"level":"debug","message":"Detecting chain for transaction hash: 0xbf99714deda10589be6f8b47a3864ce1510b2196a06c6bd15a9b06895e03e778","timestamp":"2024-08-22T13:23:01.717Z"}
{"level":"info","message":"Transaction hash 0xbf99714deda10589be6f8b47a3864ce1510b2196a06c6bd15a9b06895e03e778 detected on EVM chain: Ethereum Mainnet","timestamp":"2024-08-22T13:23:02.878Z"}
{"level":"info","message":"Moralis initialized successfully","timestamp":"2024-08-22T13:25:03.094Z"}
{"level":"info","message":"Server is running on port 5001","timestamp":"2024-08-22T13:25:03.097Z"}
{"level":"info","message":"Web3 initialized successfully","timestamp":"2024-08-22T13:25:03.282Z"}
{"level":"info","message":"Moralis initialized successfully","timestamp":"2024-08-22T13:27:37.246Z"}
{"level":"info","message":"Server is running on port 5001","timestamp":"2024-08-22T13:27:37.249Z"}
{"level":"info","message":"Web3 initialized successfully","timestamp":"2024-08-22T13:27:37.422Z"}
{"level":"debug","message":"Detecting chain for transaction hash: 0x860b7c88690dc39a56eabeb278ac27325edfba2bbb0840306f83162c974fa10c","timestamp":"2024-08-22T13:27:54.462Z"}
{"level":"info","message":"Transaction hash 0x860b7c88690dc39a56eabeb278ac27325edfba2bbb0840306f83162c974fa10c detected on EVM chain: Ethereum Mainnet","timestamp":"2024-08-22T13:27:55.447Z"}
{"errorDetails":{},"level":"error","message":"Error fetching transaction details from ethereum: this.web3.utils.toBN is not a function","stack":"TypeError: this.web3.utils.toBN is not a function\n    at EVMService.fetchTransactionDetails (/Users/mmg/Documents/yesm/yesm-back/src/services/evmService.js:95:35)\n    at process.processTicksAndRejections (node:internal/process/task_queues:95:5)\n    at async exports.getTransactionDetails (/Users/mmg/Documents/yesm/yesm-back/src/controllers/transactionController.js:12:32)","timestamp":"2024-08-22T13:27:56.123Z","txHash":"0x860b7c88690dc39a56eabeb278ac27325edfba2bbb0840306f83162c974fa10c"}
{"level":"info","message":"Moralis initialized successfully","timestamp":"2024-08-22T13:28:34.226Z"}
{"level":"info","message":"Server is running on port 5001","timestamp":"2024-08-22T13:28:34.228Z"}
{"level":"info","message":"Web3 initialized successfully","timestamp":"2024-08-22T13:28:34.410Z"}
{"level":"debug","message":"Detecting chain for transaction hash: 0x860b7c88690dc39a56eabeb278ac27325edfba2bbb0840306f83162c974fa10c","timestamp":"2024-08-22T13:28:37.105Z"}
{"level":"info","message":"Transaction hash 0x860b7c88690dc39a56eabeb278ac27325edfba2bbb0840306f83162c974fa10c detected on EVM chain: Ethereum Mainnet","timestamp":"2024-08-22T13:28:37.508Z"}
{"level":"error","message":"Error fetching ETH price: Cannot mix BigInt and other types, use explicit conversions","stack":"TypeError: Cannot mix BigInt and other types, use explicit conversions\n    at EVMService.getEthPriceAtTimestamp (/Users/mmg/Documents/yesm/yesm-back/src/services/evmService.js:139:39)\n    at EVMService.fetchTransactionDetails (/Users/mmg/Documents/yesm/yesm-back/src/services/evmService.js:108:40)\n    at process.processTicksAndRejections (node:internal/process/task_queues:95:5)\n    at async exports.getTransactionDetails (/Users/mmg/Documents/yesm/yesm-back/src/controllers/transactionController.js:12:32)","timestamp":"2024-08-22T13:28:39.173Z"}
{"errorDetails":{},"level":"error","message":"Error fetching transaction details from ethereum: valueInEth is not defined","stack":"ReferenceError: valueInEth is not defined\n    at EVMService.fetchTransactionDetails (/Users/mmg/Documents/yesm/yesm-back/src/services/evmService.js:117:17)\n    at process.processTicksAndRejections (node:internal/process/task_queues:95:5)\n    at async exports.getTransactionDetails (/Users/mmg/Documents/yesm/yesm-back/src/controllers/transactionController.js:12:32)","timestamp":"2024-08-22T13:28:39.173Z","txHash":"0x860b7c88690dc39a56eabeb278ac27325edfba2bbb0840306f83162c974fa10c"}
{"level":"info","message":"Moralis initialized successfully","timestamp":"2024-08-22T13:28:50.475Z"}
{"level":"info","message":"Server is running on port 5001","timestamp":"2024-08-22T13:28:50.477Z"}
{"level":"info","message":"Web3 initialized successfully","timestamp":"2024-08-22T13:28:50.643Z"}
{"level":"info","message":"Web3 initialized successfully","timestamp":"2024-08-22T18:01:28.471Z"}
{"level":"info","message":"Moralis initialized successfully","timestamp":"2024-08-22T18:01:28.495Z"}
{"level":"info","message":"Server is running on port 5001","timestamp":"2024-08-22T18:01:28.501Z"}
{"level":"info","message":"Web3 initialized successfully","timestamp":"2024-08-22T18:01:30.532Z"}
{"level":"info","message":"Moralis initialized successfully","timestamp":"2024-08-22T18:01:30.535Z"}
{"level":"info","message":"Server is running on port 5001","timestamp":"2024-08-22T18:01:30.536Z"}
{"level":"info","message":"Web3 initialized successfully","timestamp":"2024-08-22T18:01:37.577Z"}
{"level":"info","message":"Moralis initialized successfully","timestamp":"2024-08-22T18:01:37.580Z"}
{"level":"info","message":"Server is running on port 5001","timestamp":"2024-08-22T18:01:37.581Z"}
{"level":"debug","message":"Detecting chain for transaction hash: 0x860b7c88690dc39a56eabeb278ac27325edfba2bbb0840306f83162c974fa10c","timestamp":"2024-08-22T18:01:52.011Z"}
{"level":"info","message":"Transaction hash 0x860b7c88690dc39a56eabeb278ac27325edfba2bbb0840306f83162c974fa10c detected on EVM chain: Ethereum Mainnet","timestamp":"2024-08-22T18:01:53.030Z"}
{"level":"info","message":"Web3 initialized successfully","timestamp":"2024-08-23T13:37:42.796Z"}
{"level":"info","message":"Moralis initialized successfully","timestamp":"2024-08-23T13:37:42.803Z"}
{"level":"info","message":"Server is running on port 5001","timestamp":"2024-08-23T13:37:42.805Z"}
{"level":"debug","message":"Detecting chain for transaction hash: 0x860b7c88690dc39a56eabeb278ac27325edfba2bbb0840306f83162c974fa10c","timestamp":"2024-08-23T13:37:52.903Z"}
{"level":"info","message":"Transaction hash 0x860b7c88690dc39a56eabeb278ac27325edfba2bbb0840306f83162c974fa10c detected on EVM chain: Ethereum Mainnet","timestamp":"2024-08-23T13:37:53.854Z"}
{"level":"info","message":"Web3 initialized successfully","timestamp":"2024-08-23T13:37:54.425Z"}
{"level":"info","message":"Moralis initialized successfully","timestamp":"2024-08-23T13:37:54.428Z"}
{"level":"info","message":"Server is running on port 5001","timestamp":"2024-08-23T13:37:54.429Z"}
{"level":"debug","message":"Detecting chain for transaction hash: 0x860b7c88690dc39a56eabeb278ac27325edfba2bbb0840306f83162c974fa10c","timestamp":"2024-08-23T13:38:13.850Z"}
{"level":"info","message":"Transaction hash 0x860b7c88690dc39a56eabeb278ac27325edfba2bbb0840306f83162c974fa10c detected on EVM chain: Ethereum Mainnet","timestamp":"2024-08-23T13:38:14.425Z"}
{"level":"debug","message":"Detecting chain for transaction hash: 0x860b7c88690dc39a56eabeb278ac27325edfba2bbb0840306f83162c974fa10c","timestamp":"2024-08-23T13:39:55.781Z"}
{"level":"info","message":"Transaction hash 0x860b7c88690dc39a56eabeb278ac27325edfba2bbb0840306f83162c974fa10c detected on EVM chain: Ethereum Mainnet","timestamp":"2024-08-23T13:39:56.812Z"}
{"level":"debug","message":"Detecting chain for transaction hash: 0x860b7c88690dc39a56eabeb278ac27325edfba2bbb0840306f83162c974fa10c","timestamp":"2024-08-23T13:44:42.397Z"}
{"level":"info","message":"Transaction hash 0x860b7c88690dc39a56eabeb278ac27325edfba2bbb0840306f83162c974fa10c detected on EVM chain: Ethereum Mainnet","timestamp":"2024-08-23T13:44:43.306Z"}
{"level":"debug","message":"Detecting chain for transaction hash: 0x860b7c88690dc39a56eabeb278ac27325edfba2bbb0840306f83162c974fa10c","timestamp":"2024-08-23T13:44:59.591Z"}
{"level":"info","message":"Transaction hash 0x860b7c88690dc39a56eabeb278ac27325edfba2bbb0840306f83162c974fa10c detected on EVM chain: Ethereum Mainnet","timestamp":"2024-08-23T13:45:00.120Z"}
{"level":"debug","message":"Detecting chain for transaction hash: 0x860b7c88690dc39a56eabeb278ac27325edfba2bbb0840306f83162c974fa10c","timestamp":"2024-08-23T13:47:39.492Z"}
{"level":"info","message":"Transaction hash 0x860b7c88690dc39a56eabeb278ac27325edfba2bbb0840306f83162c974fa10c detected on EVM chain: Ethereum Mainnet","timestamp":"2024-08-23T13:47:40.421Z"}
{"level":"debug","message":"Detecting chain for transaction hash: 0x860b7c88690dc39a56eabeb278ac27325edfba2bbb0840306f83162c974fa10c","timestamp":"2024-08-23T13:51:00.964Z"}
{"level":"info","message":"Transaction hash 0x860b7c88690dc39a56eabeb278ac27325edfba2bbb0840306f83162c974fa10c detected on EVM chain: Ethereum Mainnet","timestamp":"2024-08-23T13:51:01.778Z"}
{"level":"debug","message":"Detecting chain for transaction hash: 0x860b7c88690dc39a56eabeb278ac27325edfba2bbb0840306f83162c974fa10c","timestamp":"2024-08-23T13:54:08.786Z"}
{"level":"info","message":"Transaction hash 0x860b7c88690dc39a56eabeb278ac27325edfba2bbb0840306f83162c974fa10c detected on EVM chain: Ethereum Mainnet","timestamp":"2024-08-23T13:54:09.462Z"}
{"level":"debug","message":"Detecting chain for transaction hash: 0x860b7c88690dc39a56eabeb278ac27325edfba2bbb0840306f83162c974fa10c","timestamp":"2024-08-23T13:54:11.432Z"}
{"level":"info","message":"Transaction hash 0x860b7c88690dc39a56eabeb278ac27325edfba2bbb0840306f83162c974fa10c detected on EVM chain: Ethereum Mainnet","timestamp":"2024-08-23T13:54:11.736Z"}
{"level":"debug","message":"Detecting chain for transaction hash: 0x860b7c88690dc39a56eabeb278ac27325edfba2bbb0840306f83162c974fa10c","timestamp":"2024-08-23T14:13:54.926Z"}
{"level":"info","message":"Transaction hash 0x860b7c88690dc39a56eabeb278ac27325edfba2bbb0840306f83162c974fa10c detected on EVM chain: Ethereum Mainnet","timestamp":"2024-08-23T14:13:55.625Z"}
{"level":"debug","message":"Detecting chain for transaction hash: 0x860b7c88690dc39a56eabeb278ac27325edfba2bbb0840306f83162c974fa10c","timestamp":"2024-08-23T14:14:28.667Z"}
{"level":"info","message":"Transaction hash 0x860b7c88690dc39a56eabeb278ac27325edfba2bbb0840306f83162c974fa10c detected on EVM chain: Ethereum Mainnet","timestamp":"2024-08-23T14:14:29.124Z"}
{"level":"debug","message":"Detecting chain for transaction hash: 0x3a29a61a0b3fb350c3c7a01d9f38afdcc90571bd7e3e41150721756305fa9d3a","timestamp":"2024-08-23T14:14:48.782Z"}
{"level":"info","message":"Transaction hash 0x3a29a61a0b3fb350c3c7a01d9f38afdcc90571bd7e3e41150721756305fa9d3a detected on EVM chain: Ethereum Mainnet","timestamp":"2024-08-23T14:14:49.195Z"}
{"level":"info","message":"Web3 initialized successfully","timestamp":"2024-08-23T14:16:50.447Z"}
{"level":"info","message":"Moralis initialized successfully","timestamp":"2024-08-23T14:16:50.451Z"}
{"level":"info","message":"Server is running on port 5001","timestamp":"2024-08-23T14:16:50.452Z"}
{"level":"debug","message":"Detecting chain for transaction hash: 0xbf99714deda10589be6f8b47a3864ce1510b2196a06c6bd15a9b06895e03e778","timestamp":"2024-08-23T14:17:08.577Z"}
{"level":"info","message":"Transaction hash 0xbf99714deda10589be6f8b47a3864ce1510b2196a06c6bd15a9b06895e03e778 detected on EVM chain: Ethereum Mainnet","timestamp":"2024-08-23T14:17:09.498Z"}
{"level":"debug","message":"Detecting chain for transaction hash: 0xbf99714deda10589be6f8b47a3864ce1510b2196a06c6bd15a9b06895e03e778","timestamp":"2024-08-23T14:17:13.988Z"}
{"level":"info","message":"Transaction hash 0xbf99714deda10589be6f8b47a3864ce1510b2196a06c6bd15a9b06895e03e778 detected on EVM chain: Ethereum Mainnet","timestamp":"2024-08-23T14:17:14.250Z"}
{"level":"debug","message":"Detecting chain for transaction hash: 0xbf99714deda10589be6f8b47a3864ce1510b2196a06c6bd15a9b06895e03e778","timestamp":"2024-08-23T14:17:15.465Z"}
{"level":"info","message":"Transaction hash 0xbf99714deda10589be6f8b47a3864ce1510b2196a06c6bd15a9b06895e03e778 detected on EVM chain: Ethereum Mainnet","timestamp":"2024-08-23T14:17:15.937Z"}
{"level":"info","message":"Web3 initialized successfully","timestamp":"2024-08-24T07:47:04.376Z"}
{"level":"info","message":"Moralis initialized successfully","timestamp":"2024-08-24T07:47:04.379Z"}
{"level":"info","message":"Server is running on port 5001","timestamp":"2024-08-24T07:47:04.381Z"}
{"level":"debug","message":"Detecting chain for transaction hash: 0x032d207e6893d1a8ecbb3f15fc0ee373625dec940ff1638231d1918ae65390c0","timestamp":"2024-08-24T07:47:21.143Z"}
{"level":"info","message":"Transaction hash 0x032d207e6893d1a8ecbb3f15fc0ee373625dec940ff1638231d1918ae65390c0 detected on EVM chain: Ethereum Mainnet","timestamp":"2024-08-24T07:47:21.985Z"}
{"level":"debug","message":"Detecting chain for transaction hash: 0x5d4a81c6ec462b787447196752e5819bf13d1672825d7544af032ae71b7145ba","timestamp":"2024-08-24T08:41:34.065Z"}
{"level":"info","message":"Transaction hash 0x5d4a81c6ec462b787447196752e5819bf13d1672825d7544af032ae71b7145ba detected on EVM chain: Ethereum Mainnet","timestamp":"2024-08-24T08:41:34.761Z"}
{"level":"debug","message":"Detecting chain for transaction hash: 0x573fbca9ef2861ae2951ea20517e3a1c71d1c80b10bf70f052a467a0ba542486","timestamp":"2024-08-24T08:41:57.425Z"}
{"level":"info","message":"Transaction hash 0x573fbca9ef2861ae2951ea20517e3a1c71d1c80b10bf70f052a467a0ba542486 detected on EVM chain: Ethereum Mainnet","timestamp":"2024-08-24T08:41:57.844Z"}
{"level":"debug","message":"Detecting chain for transaction hash: 0x31915e391b3bb55dd2c37db80fda02441d23e661b349c356e97bc092e5f3798f","timestamp":"2024-08-24T08:53:41.101Z"}
{"level":"info","message":"Transaction hash 0x31915e391b3bb55dd2c37db80fda02441d23e661b349c356e97bc092e5f3798f detected on EVM chain: Ethereum Mainnet","timestamp":"2024-08-24T08:53:41.803Z"}
{"level":"debug","message":"Detecting chain for transaction hash: 0x5d4a81c6ec462b787447196752e5819bf13d1672825d7544af032ae71b7145ba","timestamp":"2024-08-24T08:53:53.987Z"}
{"level":"info","message":"Transaction hash 0x5d4a81c6ec462b787447196752e5819bf13d1672825d7544af032ae71b7145ba detected on EVM chain: Ethereum Mainnet","timestamp":"2024-08-24T08:53:54.557Z"}
{"level":"info","message":"Web3 initialized successfully","timestamp":"2024-08-25T10:31:40.355Z"}
{"level":"info","message":"Moralis initialized successfully","timestamp":"2024-08-25T10:31:40.359Z"}
{"level":"info","message":"Server is running on port 5001","timestamp":"2024-08-25T10:31:40.360Z"}
{"level":"debug","message":"Detecting chain for transaction hash: 0x032d207e6893d1a8ecbb3f15fc0ee373625dec940ff1638231d1918ae65390c0","timestamp":"2024-08-25T10:32:25.446Z"}
{"level":"info","message":"Transaction hash 0x032d207e6893d1a8ecbb3f15fc0ee373625dec940ff1638231d1918ae65390c0 detected on EVM chain: Ethereum Mainnet","timestamp":"2024-08-25T10:32:26.811Z"}
{"level":"info","message":"Web3 initialized successfully","timestamp":"2024-08-25T10:39:35.348Z"}
{"level":"info","message":"Moralis initialized successfully","timestamp":"2024-08-25T10:39:35.356Z"}
{"level":"info","message":"Server is running on port 5001","timestamp":"2024-08-25T10:39:35.357Z"}
{"level":"info","message":"Web3 initialized successfully","timestamp":"2024-08-25T10:39:46.823Z"}
{"level":"info","message":"Moralis initialized successfully","timestamp":"2024-08-25T10:39:46.827Z"}
{"level":"info","message":"Server is running on port 5001","timestamp":"2024-08-25T10:39:46.828Z"}
{"level":"info","message":"Web3 initialized successfully","timestamp":"2024-08-25T10:39:48.096Z"}
{"level":"info","message":"Moralis initialized successfully","timestamp":"2024-08-25T10:39:48.100Z"}
{"level":"info","message":"Server is running on port 5001","timestamp":"2024-08-25T10:39:48.100Z"}
{"level":"info","message":"Web3 initialized successfully","timestamp":"2024-08-25T10:41:44.585Z"}
{"level":"info","message":"Moralis initialized successfully","timestamp":"2024-08-25T10:41:44.592Z"}
{"level":"info","message":"Server is running on port 5001","timestamp":"2024-08-25T10:41:44.594Z"}
{"level":"debug","message":"Detecting chain for transaction hash: 0x032d207e6893d1a8ecbb3f15fc0ee373625dec940ff1638231d1918ae65390c0","timestamp":"2024-08-25T10:41:49.072Z"}
{"level":"info","message":"Transaction hash 0x032d207e6893d1a8ecbb3f15fc0ee373625dec940ff1638231d1918ae65390c0 detected on EVM chain: Ethereum Mainnet","timestamp":"2024-08-25T10:41:50.455Z"}
{"errorDetails":{},"level":"error","message":"Error fetching transaction details from ethereum: this.web3.utils.toBN is not a function","stack":"TypeError: this.web3.utils.toBN is not a function\n    at EVMService.fetchTransactionDetails (/Users/mmg/Documents/yesm/yesm-back/src/services/evmService.js:99:35)\n    at process.processTicksAndRejections (node:internal/process/task_queues:95:5)\n    at async exports.getTransactionDetails (/Users/mmg/Documents/yesm/yesm-back/src/controllers/transactionController.js:12:32)","timestamp":"2024-08-25T10:41:51.143Z","txHash":"0x032d207e6893d1a8ecbb3f15fc0ee373625dec940ff1638231d1918ae65390c0"}
{"level":"info","message":"Web3 initialized successfully","timestamp":"2024-08-25T10:42:25.096Z"}
{"level":"info","message":"Moralis initialized successfully","timestamp":"2024-08-25T10:42:25.102Z"}
{"level":"info","message":"Server is running on port 5001","timestamp":"2024-08-25T10:42:25.103Z"}
{"level":"debug","message":"Detecting chain for transaction hash: 0x032d207e6893d1a8ecbb3f15fc0ee373625dec940ff1638231d1918ae65390c0","timestamp":"2024-08-25T10:42:26.089Z"}
{"level":"info","message":"Transaction hash 0x032d207e6893d1a8ecbb3f15fc0ee373625dec940ff1638231d1918ae65390c0 detected on EVM chain: Ethereum Mainnet","timestamp":"2024-08-25T10:42:27.199Z"}
{"level":"info","message":"Web3 initialized successfully","timestamp":"2024-08-25T10:43:22.317Z"}
{"level":"info","message":"Moralis initialized successfully","timestamp":"2024-08-25T10:43:22.323Z"}
{"level":"info","message":"Server is running on port 5001","timestamp":"2024-08-25T10:43:22.324Z"}
{"level":"debug","message":"Detecting chain for transaction hash: 0x032d207e6893d1a8ecbb3f15fc0ee373625dec940ff1638231d1918ae65390c0","timestamp":"2024-08-25T10:43:23.895Z"}
{"level":"info","message":"Transaction hash 0x032d207e6893d1a8ecbb3f15fc0ee373625dec940ff1638231d1918ae65390c0 detected on EVM chain: Ethereum Mainnet","timestamp":"2024-08-25T10:43:24.868Z"}
{"errorDetails":{},"level":"error","message":"Error fetching transaction details from ethereum: this.web3.utils.toBN is not a function","stack":"TypeError: this.web3.utils.toBN is not a function\n    at EVMService.fetchTransactionDetails (/Users/mmg/Documents/yesm/yesm-back/src/services/evmService.js:99:35)\n    at process.processTicksAndRejections (node:internal/process/task_queues:95:5)\n    at async exports.getTransactionDetails (/Users/mmg/Documents/yesm/yesm-back/src/controllers/transactionController.js:12:32)","timestamp":"2024-08-25T10:43:25.601Z","txHash":"0x032d207e6893d1a8ecbb3f15fc0ee373625dec940ff1638231d1918ae65390c0"}
{"level":"info","message":"Web3 initialized successfully","timestamp":"2024-08-25T10:43:46.287Z"}
{"level":"info","message":"Moralis initialized successfully","timestamp":"2024-08-25T10:43:46.291Z"}
{"level":"info","message":"Server is running on port 5001","timestamp":"2024-08-25T10:43:46.292Z"}
{"level":"debug","message":"Detecting chain for transaction hash: 0x032d207e6893d1a8ecbb3f15fc0ee373625dec940ff1638231d1918ae65390c0","timestamp":"2024-08-25T10:43:48.681Z"}
{"level":"info","message":"Web3 initialized successfully","timestamp":"2024-08-25T10:43:49.286Z"}
{"level":"info","message":"Moralis initialized successfully","timestamp":"2024-08-25T10:43:49.290Z"}
{"level":"info","message":"Server is running on port 5001","timestamp":"2024-08-25T10:43:49.291Z"}
{"level":"debug","message":"Detecting chain for transaction hash: 0x032d207e6893d1a8ecbb3f15fc0ee373625dec940ff1638231d1918ae65390c0","timestamp":"2024-08-25T10:43:50.832Z"}
{"level":"info","message":"Transaction hash 0x032d207e6893d1a8ecbb3f15fc0ee373625dec940ff1638231d1918ae65390c0 detected on EVM chain: Ethereum Mainnet","timestamp":"2024-08-25T10:43:51.285Z"}
{"level":"debug","message":"Detecting chain for transaction hash: 0x0be8b05c42785cd54c6d93cd869da7bee51ce086723bc1558a2723e4df5dad90","timestamp":"2024-08-25T10:44:02.864Z"}
{"level":"info","message":"Transaction hash 0x0be8b05c42785cd54c6d93cd869da7bee51ce086723bc1558a2723e4df5dad90 detected on EVM chain: Ethereum Mainnet","timestamp":"2024-08-25T10:44:03.771Z"}
{"level":"info","message":"Web3 initialized successfully","timestamp":"2024-08-25T10:44:22.002Z"}
{"level":"info","message":"Moralis initialized successfully","timestamp":"2024-08-25T10:44:22.006Z"}
{"level":"info","message":"Server is running on port 5001","timestamp":"2024-08-25T10:44:22.007Z"}
{"level":"info","message":"Web3 initialized successfully","timestamp":"2024-08-25T11:05:24.915Z"}
{"level":"info","message":"Moralis initialized successfully","timestamp":"2024-08-25T11:05:24.922Z"}
{"level":"info","message":"Server is running on port 5001","timestamp":"2024-08-25T11:05:24.923Z"}
{"level":"debug","message":"Detecting chain for transaction hash: 0x0be8b05c42785cd54c6d93cd869da7bee51ce086723bc1558a2723e4df5dad90","timestamp":"2024-08-25T11:05:27.040Z"}
{"level":"info","message":"Transaction hash 0x0be8b05c42785cd54c6d93cd869da7bee51ce086723bc1558a2723e4df5dad90 detected on EVM chain: Ethereum Mainnet","timestamp":"2024-08-25T11:05:28.095Z"}
{"errorDetails":{},"level":"error","message":"Error fetching transaction details from ethereum: fee is not defined","stack":"ReferenceError: fee is not defined\n    at EVMService.fetchTransactionDetails (/Users/mmg/Documents/yesm/yesm-back/src/services/evmService.js:109:22)\n    at process.processTicksAndRejections (node:internal/process/task_queues:95:5)\n    at async exports.getTransactionDetails (/Users/mmg/Documents/yesm/yesm-back/src/controllers/transactionController.js:12:32)","timestamp":"2024-08-25T11:05:28.758Z","txHash":"0x0be8b05c42785cd54c6d93cd869da7bee51ce086723bc1558a2723e4df5dad90"}
{"level":"debug","message":"Detecting chain for transaction hash: 0x0be8b05c42785cd54c6d93cd869da7bee51ce086723bc1558a2723e4df5dad90","timestamp":"2024-08-25T11:05:47.705Z"}
{"level":"info","message":"Transaction hash 0x0be8b05c42785cd54c6d93cd869da7bee51ce086723bc1558a2723e4df5dad90 detected on EVM chain: Ethereum Mainnet","timestamp":"2024-08-25T11:05:48.155Z"}
{"errorDetails":{},"level":"error","message":"Error fetching transaction details from ethereum: fee is not defined","stack":"ReferenceError: fee is not defined\n    at EVMService.fetchTransactionDetails (/Users/mmg/Documents/yesm/yesm-back/src/services/evmService.js:109:22)\n    at process.processTicksAndRejections (node:internal/process/task_queues:95:5)\n    at async exports.getTransactionDetails (/Users/mmg/Documents/yesm/yesm-back/src/controllers/transactionController.js:12:32)","timestamp":"2024-08-25T11:05:48.814Z","txHash":"0x0be8b05c42785cd54c6d93cd869da7bee51ce086723bc1558a2723e4df5dad90"}
{"level":"info","message":"Web3 initialized successfully","timestamp":"2024-08-25T11:05:56.795Z"}
{"level":"info","message":"Moralis initialized successfully","timestamp":"2024-08-25T11:05:56.798Z"}
{"level":"info","message":"Server is running on port 5001","timestamp":"2024-08-25T11:05:56.799Z"}
{"level":"debug","message":"Detecting chain for transaction hash: 0x0be8b05c42785cd54c6d93cd869da7bee51ce086723bc1558a2723e4df5dad90","timestamp":"2024-08-25T11:05:58.561Z"}
{"level":"info","message":"Transaction hash 0x0be8b05c42785cd54c6d93cd869da7bee51ce086723bc1558a2723e4df5dad90 detected on EVM chain: Ethereum Mainnet","timestamp":"2024-08-25T11:05:58.908Z"}
{"level":"info","message":"Web3 initialized successfully","timestamp":"2024-08-25T11:06:25.969Z"}
{"level":"info","message":"Moralis initialized successfully","timestamp":"2024-08-25T11:06:25.974Z"}
{"level":"info","message":"Server is running on port 5001","timestamp":"2024-08-25T11:06:25.975Z"}
{"level":"debug","message":"Detecting chain for transaction hash: 0x0be8b05c42785cd54c6d93cd869da7bee51ce086723bc1558a2723e4df5dad90","timestamp":"2024-08-25T11:06:28.652Z"}
{"level":"info","message":"Transaction hash 0x0be8b05c42785cd54c6d93cd869da7bee51ce086723bc1558a2723e4df5dad90 detected on EVM chain: Ethereum Mainnet","timestamp":"2024-08-25T11:06:29.432Z"}
{"errorDetails":{},"level":"error","message":"Error fetching transaction details from ethereum: fee is not defined","stack":"ReferenceError: fee is not defined\n    at EVMService.fetchTransactionDetails (/Users/mmg/Documents/yesm/yesm-back/src/services/evmService.js:109:22)\n    at process.processTicksAndRejections (node:internal/process/task_queues:95:5)\n    at async exports.getTransactionDetails (/Users/mmg/Documents/yesm/yesm-back/src/controllers/transactionController.js:12:32)","timestamp":"2024-08-25T11:06:30.198Z","txHash":"0x0be8b05c42785cd54c6d93cd869da7bee51ce086723bc1558a2723e4df5dad90"}
{"level":"info","message":"Web3 initialized successfully","timestamp":"2024-08-25T11:09:35.056Z"}
{"level":"info","message":"Moralis initialized successfully","timestamp":"2024-08-25T11:09:35.059Z"}
{"level":"info","message":"Server is running on port 5001","timestamp":"2024-08-25T11:09:35.060Z"}
{"level":"info","message":"Web3 initialized successfully","timestamp":"2024-08-25T11:09:41.103Z"}
{"level":"info","message":"Moralis initialized successfully","timestamp":"2024-08-25T11:09:41.107Z"}
{"level":"info","message":"Server is running on port 5001","timestamp":"2024-08-25T11:09:41.107Z"}
{"level":"debug","message":"Detecting chain for transaction hash: 0x0be8b05c42785cd54c6d93cd869da7bee51ce086723bc1558a2723e4df5dad90","timestamp":"2024-08-25T11:09:44.994Z"}
{"level":"info","message":"Transaction hash 0x0be8b05c42785cd54c6d93cd869da7bee51ce086723bc1558a2723e4df5dad90 detected on EVM chain: Ethereum Mainnet","timestamp":"2024-08-25T11:09:46.448Z"}
{"errorDetails":{},"level":"error","message":"Error fetching transaction details from ethereum: fee is not defined","stack":"ReferenceError: fee is not defined\n    at EVMService.fetchTransactionDetails (/Users/mmg/Documents/yesm/yesm-back/src/services/evmService.js:122:22)\n    at process.processTicksAndRejections (node:internal/process/task_queues:95:5)\n    at async exports.getTransactionDetails (/Users/mmg/Documents/yesm/yesm-back/src/controllers/transactionController.js:12:32)","timestamp":"2024-08-25T11:09:47.532Z","txHash":"0x0be8b05c42785cd54c6d93cd869da7bee51ce086723bc1558a2723e4df5dad90"}
{"level":"info","message":"Web3 initialized successfully","timestamp":"2024-08-25T11:10:31.907Z"}
{"level":"info","message":"Moralis initialized successfully","timestamp":"2024-08-25T11:10:31.911Z"}
{"level":"info","message":"Server is running on port 5001","timestamp":"2024-08-25T11:10:31.911Z"}
{"level":"debug","message":"Detecting chain for transaction hash: 0x0be8b05c42785cd54c6d93cd869da7bee51ce086723bc1558a2723e4df5dad90","timestamp":"2024-08-25T11:10:34.031Z"}
{"level":"info","message":"Transaction hash 0x0be8b05c42785cd54c6d93cd869da7bee51ce086723bc1558a2723e4df5dad90 detected on EVM chain: Ethereum Mainnet","timestamp":"2024-08-25T11:10:34.409Z"}
{"errorDetails":{},"level":"error","message":"Error fetching transaction details from ethereum: fee is not defined","stack":"ReferenceError: fee is not defined\n    at EVMService.fetchTransactionDetails (/Users/mmg/Documents/yesm/yesm-back/src/services/evmService.js:122:27)\n    at process.processTicksAndRejections (node:internal/process/task_queues:95:5)\n    at async exports.getTransactionDetails (/Users/mmg/Documents/yesm/yesm-back/src/controllers/transactionController.js:12:32)","timestamp":"2024-08-25T11:10:35.066Z","txHash":"0x0be8b05c42785cd54c6d93cd869da7bee51ce086723bc1558a2723e4df5dad90"}
{"level":"info","message":"Web3 initialized successfully","timestamp":"2024-08-25T11:10:47.157Z"}
{"level":"info","message":"Moralis initialized successfully","timestamp":"2024-08-25T11:10:47.162Z"}
{"level":"info","message":"Server is running on port 5001","timestamp":"2024-08-25T11:10:47.163Z"}
{"level":"info","message":"Web3 initialized successfully","timestamp":"2024-08-25T11:18:30.983Z"}
{"level":"info","message":"Moralis initialized successfully","timestamp":"2024-08-25T11:18:30.987Z"}
{"level":"info","message":"Server is running on port 5001","timestamp":"2024-08-25T11:18:30.988Z"}
{"level":"debug","message":"Detecting chain for transaction hash: 0x032d207e6893d1a8ecbb3f15fc0ee373625dec940ff1638231d1918ae65390c0","timestamp":"2024-08-25T11:18:34.021Z"}
{"level":"info","message":"Transaction hash 0x032d207e6893d1a8ecbb3f15fc0ee373625dec940ff1638231d1918ae65390c0 detected on EVM chain: Ethereum Mainnet","timestamp":"2024-08-25T11:18:34.995Z"}
{"errorDetails":{},"level":"error","message":"Error fetching transaction details from ethereum: Cannot mix BigInt and other types, use explicit conversions","stack":"TypeError: Cannot mix BigInt and other types, use explicit conversions\n    at EVMService.fetchTransactionDetails (/Users/mmg/Documents/yesm/yesm-back/src/services/evmService.js:106:48)\n    at process.processTicksAndRejections (node:internal/process/task_queues:95:5)\n    at async exports.getTransactionDetails (/Users/mmg/Documents/yesm/yesm-back/src/controllers/transactionController.js:12:32)","timestamp":"2024-08-25T11:18:36.560Z","txHash":"0x032d207e6893d1a8ecbb3f15fc0ee373625dec940ff1638231d1918ae65390c0"}
{"level":"info","message":"Web3 initialized successfully","timestamp":"2024-08-25T11:30:25.339Z"}
{"level":"info","message":"Moralis initialized successfully","timestamp":"2024-08-25T11:30:25.345Z"}
{"level":"info","message":"Server is running on port 5001","timestamp":"2024-08-25T11:30:25.346Z"}
{"level":"debug","message":"Detecting chain for transaction hash: 0x032d207e6893d1a8ecbb3f15fc0ee373625dec940ff1638231d1918ae65390c0","timestamp":"2024-08-25T11:30:28.469Z"}
{"level":"info","message":"Transaction hash 0x032d207e6893d1a8ecbb3f15fc0ee373625dec940ff1638231d1918ae65390c0 detected on EVM chain: Ethereum Mainnet","timestamp":"2024-08-25T11:30:29.326Z"}
{"errorDetails":{},"level":"error","message":"Error fetching transaction details from ethereum: Cannot mix BigInt and other types, use explicit conversions","stack":"TypeError: Cannot mix BigInt and other types, use explicit conversions\n    at EVMService.fetchTransactionDetails (/Users/mmg/Documents/yesm/yesm-back/src/services/evmService.js:107:48)\n    at process.processTicksAndRejections (node:internal/process/task_queues:95:5)\n    at async exports.getTransactionDetails (/Users/mmg/Documents/yesm/yesm-back/src/controllers/transactionController.js:12:32)","timestamp":"2024-08-25T11:30:30.481Z","txHash":"0x032d207e6893d1a8ecbb3f15fc0ee373625dec940ff1638231d1918ae65390c0"}
{"level":"info","message":"Web3 initialized successfully","timestamp":"2024-08-25T11:30:52.662Z"}
{"level":"info","message":"Moralis initialized successfully","timestamp":"2024-08-25T11:30:52.667Z"}
{"level":"info","message":"Server is running on port 5001","timestamp":"2024-08-25T11:30:52.668Z"}
{"level":"info","message":"Web3 initialized successfully","timestamp":"2024-08-25T11:32:14.650Z"}
{"level":"info","message":"Moralis initialized successfully","timestamp":"2024-08-25T11:32:14.654Z"}
{"level":"info","message":"Server is running on port 5001","timestamp":"2024-08-25T11:32:14.655Z"}
{"level":"debug","message":"Detecting chain for transaction hash: 0x032d207e6893d1a8ecbb3f15fc0ee373625dec940ff1638231d1918ae65390c0","timestamp":"2024-08-25T11:32:17.067Z"}
{"level":"info","message":"Transaction hash 0x032d207e6893d1a8ecbb3f15fc0ee373625dec940ff1638231d1918ae65390c0 detected on EVM chain: Ethereum Mainnet","timestamp":"2024-08-25T11:32:17.766Z"}
{"level":"debug","message":"Detecting chain for transaction hash: 0x032d207e6893d1a8ecbb3f15fc0ee373625dec940ff1638231d1918ae65390c0","timestamp":"2024-08-25T11:32:37.238Z"}
{"level":"info","message":"Transaction hash 0x032d207e6893d1a8ecbb3f15fc0ee373625dec940ff1638231d1918ae65390c0 detected on EVM chain: Ethereum Mainnet","timestamp":"2024-08-25T11:32:37.629Z"}
{"level":"debug","message":"Detecting chain for transaction hash: 0x5f7112aeeb6bc4881b4a99624b88bd4664733ca4206a7e829602a7c0bc6ddee1","timestamp":"2024-08-25T11:32:46.840Z"}
{"level":"info","message":"Transaction hash 0x5f7112aeeb6bc4881b4a99624b88bd4664733ca4206a7e829602a7c0bc6ddee1 detected on EVM chain: Ethereum Mainnet","timestamp":"2024-08-25T11:32:47.208Z"}
{"level":"info","message":"Web3 initialized successfully","timestamp":"2024-08-25T11:34:02.829Z"}
{"level":"info","message":"Moralis initialized successfully","timestamp":"2024-08-25T11:34:02.833Z"}
{"level":"info","message":"Server is running on port 5001","timestamp":"2024-08-25T11:34:02.834Z"}
{"level":"debug","message":"Detecting chain for transaction hash: 0x5f7112aeeb6bc4881b4a99624b88bd4664733ca4206a7e829602a7c0bc6ddee1","timestamp":"2024-08-25T11:34:04.388Z"}
{"level":"info","message":"Transaction hash 0x5f7112aeeb6bc4881b4a99624b88bd4664733ca4206a7e829602a7c0bc6ddee1 detected on EVM chain: Ethereum Mainnet","timestamp":"2024-08-25T11:34:05.233Z"}
{"level":"debug","message":"Detecting chain for transaction hash: 0x032d207e6893d1a8ecbb3f15fc0ee373625dec940ff1638231d1918ae65390c0","timestamp":"2024-08-25T11:34:31.849Z"}
{"level":"info","message":"Transaction hash 0x032d207e6893d1a8ecbb3f15fc0ee373625dec940ff1638231d1918ae65390c0 detected on EVM chain: Ethereum Mainnet","timestamp":"2024-08-25T11:34:32.318Z"}
{"level":"info","message":"Web3 initialized successfully","timestamp":"2024-08-25T11:34:42.112Z"}
{"level":"info","message":"Moralis initialized successfully","timestamp":"2024-08-25T11:34:42.117Z"}
{"level":"info","message":"Server is running on port 5001","timestamp":"2024-08-25T11:34:42.118Z"}
{"level":"info","message":"Web3 initialized successfully","timestamp":"2024-08-25T11:38:40.639Z"}
{"level":"info","message":"Moralis initialized successfully","timestamp":"2024-08-25T11:38:40.643Z"}
{"level":"info","message":"Server is running on port 5001","timestamp":"2024-08-25T11:38:40.644Z"}
{"level":"debug","message":"Detecting chain for transaction hash: 0xfbf555c384bb54729cb7d773fcdbb91d08bb8288726d950bd216693223ba2f94","timestamp":"2024-08-25T11:38:59.668Z"}
{"level":"info","message":"Transaction hash 0xfbf555c384bb54729cb7d773fcdbb91d08bb8288726d950bd216693223ba2f94 detected on EVM chain: Ethereum Mainnet","timestamp":"2024-08-25T11:39:00.976Z"}
{"level":"info","message":"Web3 initialized successfully","timestamp":"2024-08-25T11:51:56.872Z"}
{"level":"info","message":"Moralis initialized successfully","timestamp":"2024-08-25T11:51:56.879Z"}
{"level":"info","message":"Server is running on port 5001","timestamp":"2024-08-25T11:51:56.880Z"}
{"level":"debug","message":"Detecting chain for transaction hash: 0xfbf555c384bb54729cb7d773fcdbb91d08bb8288726d950bd216693223ba2f94","timestamp":"2024-08-25T11:52:00.959Z"}
{"level":"info","message":"Transaction hash 0xfbf555c384bb54729cb7d773fcdbb91d08bb8288726d950bd216693223ba2f94 detected on EVM chain: Ethereum Mainnet","timestamp":"2024-08-25T11:52:01.723Z"}
{"level":"error","message":"Error fetching historical ETH price: Request failed with status code 400","timestamp":"2024-08-25T11:52:04.097Z"}
{"level":"info","message":"Web3 initialized successfully","timestamp":"2024-08-25T11:53:57.234Z"}
{"level":"info","message":"Moralis initialized successfully","timestamp":"2024-08-25T11:53:57.238Z"}
{"level":"info","message":"Server is running on port 5001","timestamp":"2024-08-25T11:53:57.238Z"}
{"level":"debug","message":"Detecting chain for transaction hash: 0xfbf555c384bb54729cb7d773fcdbb91d08bb8288726d950bd216693223ba2f94","timestamp":"2024-08-25T11:54:00.247Z"}
{"level":"info","message":"Transaction hash 0xfbf555c384bb54729cb7d773fcdbb91d08bb8288726d950bd216693223ba2f94 detected on EVM chain: Ethereum Mainnet","timestamp":"2024-08-25T11:54:01.006Z"}
{"level":"info","message":"Web3 initialized successfully","timestamp":"2024-08-25T11:54:57.573Z"}
{"level":"info","message":"Moralis initialized successfully","timestamp":"2024-08-25T11:54:57.578Z"}
{"level":"info","message":"Server is running on port 5001","timestamp":"2024-08-25T11:54:57.579Z"}
{"level":"info","message":"Web3 initialized successfully","timestamp":"2024-08-25T11:55:23.906Z"}
{"level":"info","message":"Moralis initialized successfully","timestamp":"2024-08-25T11:55:23.910Z"}
{"level":"info","message":"Server is running on port 5001","timestamp":"2024-08-25T11:55:23.911Z"}
